21:20:10.978 [TestNG-tests-2] INFO  testCases.TC001_AccountRegistrationTest - ***** Starting TC001_AccountRegistrationTest *****
21:20:11.159 [TestNG-tests-2] INFO  testCases.TC001_AccountRegistrationTest - Clicked on My Account link
21:20:12.135 [TestNG-tests-3] INFO  testCases.TC001_AccountRegistrationTest - ***** Starting TC001_AccountRegistrationTest *****
21:20:12.270 [TestNG-tests-3] INFO  testCases.TC001_AccountRegistrationTest - Clicked on My Account link
21:20:12.278 [TestNG-tests-2] INFO  testCases.TC001_AccountRegistrationTest - Clicked on Register link
21:20:12.282 [TestNG-tests-2] INFO  testCases.TC001_AccountRegistrationTest - Providing Customer Details......
21:20:13.016 [TestNG-tests-3] INFO  testCases.TC001_AccountRegistrationTest - Clicked on Register link
21:20:13.018 [TestNG-tests-3] INFO  testCases.TC001_AccountRegistrationTest - Providing Customer Details......
21:20:16.029 [TestNG-tests-2] INFO  testCases.TC001_AccountRegistrationTest - Validating Expected message....
21:20:16.070 [TestNG-tests-3] INFO  testCases.TC001_AccountRegistrationTest - Validating Expected message....
21:20:16.088 [TestNG-tests-2] INFO  testCases.TC001_AccountRegistrationTest - ***** Finished TC001_AccountRegistrationTest *****
21:20:16.099 [TestNG-tests-3] INFO  testCases.TC001_AccountRegistrationTest - ***** Finished TC001_AccountRegistrationTest *****
21:20:30.426 [TestNG-tests-1] INFO  testCases.TC001_AccountRegistrationTest - ***** Starting TC001_AccountRegistrationTest *****
21:20:30.913 [TestNG-tests-1] INFO  testCases.TC001_AccountRegistrationTest - Clicked on My Account link
21:20:31.313 [TestNG-tests-1] INFO  testCases.TC001_AccountRegistrationTest - Clicked on Register link
21:20:31.314 [TestNG-tests-1] INFO  testCases.TC001_AccountRegistrationTest - Providing Customer Details......
21:20:34.285 [TestNG-tests-1] INFO  testCases.TC001_AccountRegistrationTest - Validating Expected message....
21:20:34.325 [TestNG-tests-1] INFO  testCases.TC001_AccountRegistrationTest - ***** Finished TC001_AccountRegistrationTest *****
21:20:55.388 [main] INFO  testCases.TC001_AccountRegistrationTest - ***** Starting TC001_AccountRegistrationTest *****
21:20:55.730 [main] INFO  testCases.TC001_AccountRegistrationTest - Clicked on My Account link
21:20:56.087 [main] INFO  testCases.TC001_AccountRegistrationTest - Clicked on Register link
21:20:56.089 [main] INFO  testCases.TC001_AccountRegistrationTest - Providing Customer Details......
21:20:59.222 [main] INFO  testCases.TC001_AccountRegistrationTest - Validating Expected message....
21:20:59.266 [main] INFO  testCases.TC001_AccountRegistrationTest - ***** Finished TC001_AccountRegistrationTest *****
21:21:01.602 [main] INFO  testCases.TC001_AccountRegistrationTest - ***** Starting TC001_AccountRegistrationTest *****
21:21:01.725 [main] INFO  testCases.TC001_AccountRegistrationTest - Clicked on My Account link
21:21:02.125 [main] INFO  testCases.TC001_AccountRegistrationTest - Clicked on Register link
21:21:02.125 [main] INFO  testCases.TC001_AccountRegistrationTest - Providing Customer Details......
21:21:05.319 [main] INFO  testCases.TC001_AccountRegistrationTest - Validating Expected message....
21:21:05.354 [main] INFO  testCases.TC001_AccountRegistrationTest - ***** Finished TC001_AccountRegistrationTest *****
21:21:10.247 [main] INFO  testCases.TC001_AccountRegistrationTest - ***** Starting TC001_AccountRegistrationTest *****
21:21:10.363 [main] INFO  testCases.TC001_AccountRegistrationTest - Clicked on My Account link
21:21:10.708 [main] INFO  testCases.TC001_AccountRegistrationTest - Clicked on Register link
21:21:10.709 [main] INFO  testCases.TC001_AccountRegistrationTest - Providing Customer Details......
21:21:13.448 [main] INFO  testCases.TC001_AccountRegistrationTest - Validating Expected message....
21:21:13.476 [main] INFO  testCases.TC001_AccountRegistrationTest - ***** Finished TC001_AccountRegistrationTest *****
21:21:51.634 [TestNG-tests-1] INFO  testCases.TC001_AccountRegistrationTest - ***** Starting TC001_AccountRegistrationTest *****
21:21:52.095 [TestNG-tests-2] INFO  testCases.TC001_AccountRegistrationTest - ***** Starting TC001_AccountRegistrationTest *****
21:21:52.663 [TestNG-tests-2] INFO  testCases.TC001_AccountRegistrationTest - Clicked on My Account link
21:21:53.947 [TestNG-tests-1] INFO  testCases.TC001_AccountRegistrationTest - Clicked on My Account link
21:21:58.855 [TestNG-tests-2] INFO  testCases.TC001_AccountRegistrationTest - Clicked on Register link
21:21:58.861 [TestNG-tests-2] INFO  testCases.TC001_AccountRegistrationTest - Providing Customer Details......
21:21:59.075 [TestNG-tests-1] INFO  testCases.TC001_AccountRegistrationTest - Clicked on Register link
21:21:59.077 [TestNG-tests-1] INFO  testCases.TC001_AccountRegistrationTest - Providing Customer Details......
21:22:01.820 [TestNG-tests-3] INFO  testCases.TC001_AccountRegistrationTest - ***** Starting TC001_AccountRegistrationTest *****
21:22:01.960 [TestNG-tests-3] INFO  testCases.TC001_AccountRegistrationTest - Clicked on My Account link
21:22:02.502 [TestNG-tests-3] INFO  testCases.TC001_AccountRegistrationTest - Clicked on Register link
21:22:02.502 [TestNG-tests-3] INFO  testCases.TC001_AccountRegistrationTest - Providing Customer Details......
21:22:08.325 [TestNG-tests-1] INFO  testCases.TC001_AccountRegistrationTest - Validating Expected message....
21:22:08.351 [TestNG-tests-2] INFO  testCases.TC001_AccountRegistrationTest - Validating Expected message....
21:22:08.441 [TestNG-tests-1] INFO  testCases.TC001_AccountRegistrationTest - ***** Finished TC001_AccountRegistrationTest *****
21:22:08.441 [TestNG-tests-2] INFO  testCases.TC001_AccountRegistrationTest - ***** Finished TC001_AccountRegistrationTest *****
21:22:10.764 [TestNG-tests-3] INFO  testCases.TC001_AccountRegistrationTest - Validating Expected message....
21:22:10.824 [TestNG-tests-3] INFO  testCases.TC001_AccountRegistrationTest - ***** Finished TC001_AccountRegistrationTest *****
21:23:08.726 [main] INFO  testCases.TC001_AccountRegistrationTest - ***** Starting TC001_AccountRegistrationTest *****
21:23:08.886 [main] INFO  testCases.TC001_AccountRegistrationTest - Clicked on My Account link
21:23:09.402 [main] INFO  testCases.TC001_AccountRegistrationTest - Clicked on Register link
21:23:09.408 [main] INFO  testCases.TC001_AccountRegistrationTest - Providing Customer Details......
21:23:13.252 [main] INFO  testCases.TC001_AccountRegistrationTest - Validating Expected message....
21:23:13.327 [main] INFO  testCases.TC001_AccountRegistrationTest - ***** Finished TC001_AccountRegistrationTest *****
21:23:18.760 [main] INFO  testCases.TC001_AccountRegistrationTest - ***** Starting TC001_AccountRegistrationTest *****
21:23:18.877 [main] INFO  testCases.TC001_AccountRegistrationTest - Clicked on My Account link
21:23:19.643 [main] INFO  testCases.TC001_AccountRegistrationTest - Clicked on Register link
21:23:19.647 [main] INFO  testCases.TC001_AccountRegistrationTest - Providing Customer Details......
21:23:22.690 [main] INFO  testCases.TC001_AccountRegistrationTest - Validating Expected message....
21:23:22.712 [main] INFO  testCases.TC001_AccountRegistrationTest - ***** Finished TC001_AccountRegistrationTest *****
21:23:26.710 [main] INFO  testCases.TC001_AccountRegistrationTest - ***** Starting TC001_AccountRegistrationTest *****
21:23:27.241 [main] INFO  testCases.TC001_AccountRegistrationTest - Clicked on My Account link
21:23:30.545 [main] INFO  testCases.TC001_AccountRegistrationTest - Clicked on Register link
21:23:30.551 [main] INFO  testCases.TC001_AccountRegistrationTest - Providing Customer Details......
21:23:35.312 [main] INFO  testCases.TC001_AccountRegistrationTest - Validating Expected message....
21:23:35.442 [main] INFO  testCases.TC001_AccountRegistrationTest - ***** Finished TC001_AccountRegistrationTest *****
21:24:05.137 [TestNG-tests-3] INFO  testCases.TC001_AccountRegistrationTest - ***** Starting TC001_AccountRegistrationTest *****
21:24:05.137 [TestNG-tests-1] INFO  testCases.TC001_AccountRegistrationTest - ***** Starting TC001_AccountRegistrationTest *****
21:24:05.533 [TestNG-tests-3] INFO  testCases.TC001_AccountRegistrationTest - Clicked on My Account link
21:24:06.985 [TestNG-tests-1] INFO  testCases.TC001_AccountRegistrationTest - Clicked on My Account link
21:24:07.975 [TestNG-tests-3] INFO  testCases.TC001_AccountRegistrationTest - Clicked on Register link
21:24:07.982 [TestNG-tests-3] INFO  testCases.TC001_AccountRegistrationTest - Providing Customer Details......
21:24:09.106 [TestNG-tests-1] INFO  testCases.TC001_AccountRegistrationTest - Clicked on Register link
21:24:09.107 [TestNG-tests-1] INFO  testCases.TC001_AccountRegistrationTest - Providing Customer Details......
21:24:12.866 [TestNG-tests-2] INFO  testCases.TC001_AccountRegistrationTest - ***** Starting TC001_AccountRegistrationTest *****
21:24:13.167 [TestNG-tests-2] INFO  testCases.TC001_AccountRegistrationTest - Clicked on My Account link
21:24:13.495 [TestNG-tests-3] INFO  testCases.TC001_AccountRegistrationTest - Validating Expected message....
21:24:13.602 [TestNG-tests-3] INFO  testCases.TC001_AccountRegistrationTest - ***** Finished TC001_AccountRegistrationTest *****
21:24:14.205 [TestNG-tests-2] INFO  testCases.TC001_AccountRegistrationTest - Clicked on Register link
21:24:14.208 [TestNG-tests-2] INFO  testCases.TC001_AccountRegistrationTest - Providing Customer Details......
21:24:14.723 [TestNG-tests-1] INFO  testCases.TC001_AccountRegistrationTest - Validating Expected message....
21:24:14.862 [TestNG-tests-1] INFO  testCases.TC001_AccountRegistrationTest - ***** Finished TC001_AccountRegistrationTest *****
21:24:18.301 [TestNG-tests-2] INFO  testCases.TC001_AccountRegistrationTest - Validating Expected message....
21:24:18.385 [TestNG-tests-2] INFO  testCases.TC001_AccountRegistrationTest - ***** Finished TC001_AccountRegistrationTest *****
21:40:42.468 [main] INFO  testCases.TC001_AccountRegistrationTest - ***** Starting TC001_AccountRegistrationTest *****
21:40:42.702 [main] INFO  testCases.TC001_AccountRegistrationTest - Clicked on My Account link
21:40:43.855 [main] INFO  testCases.TC001_AccountRegistrationTest - Clicked on Register link
21:40:43.860 [main] INFO  testCases.TC001_AccountRegistrationTest - Providing Customer Details......
21:40:48.977 [main] INFO  testCases.TC001_AccountRegistrationTest - Validating Expected message....
21:40:49.134 [main] INFO  testCases.TC001_AccountRegistrationTest - ***** Finished TC001_AccountRegistrationTest *****
17:32:52.389 [main] INFO  testCases.TC002_LoginTest - ***** Starting TC002_LoginTest *****
17:33:54.607 [main] INFO  testCases.TC002_LoginTest - ***** Starting TC002_LoginTest *****
17:33:56.295 [main] INFO  testCases.TC002_LoginTest - ***** Finished TC002_LoginTest *****
17:36:44.946 [main] INFO  testCases.TC002_LoginTest - ***** Starting TC002_LoginTest *****
17:36:47.329 [main] INFO  testCases.TC002_LoginTest - ***** Finished TC002_LoginTest *****
17:39:02.455 [main] DEBUG org.testng.TestNG - suiteXmlPath: "C:\Eclipse BackUp1\MyWorkSpace\Anil121\master.xml"
17:39:03.400 [main] INFO  org.testng.internal.Utils - [TestNG] Running:
  C:\Eclipse BackUp1\MyWorkSpace\Anil121\master.xml

17:39:21.473 [main] DEBUG org.testng.TestNG - suiteXmlPath: "C:\Eclipse BackUp1\MyWorkSpace\Anil121\master.xml"
17:39:22.050 [main] INFO  org.testng.internal.Utils - [TestNG] Running:
  C:\Eclipse BackUp1\MyWorkSpace\Anil121\master.xml

17:39:27.104 [main] INFO  testCases.TC002_LoginTest - ***** Starting TC002_LoginTest *****
17:39:30.959 [main] INFO  testCases.TC002_LoginTest - ***** Finished TC002_LoginTest *****
19:46:53.161 [main] DEBUG org.testng.TestNG - suiteXmlPath: "C:\Eclipse BackUp1\MyWorkSpace\Anil121\master.xml"
19:46:53.985 [main] INFO  org.testng.internal.Utils - [TestNG] Running:
  C:\Eclipse BackUp1\MyWorkSpace\Anil121\master.xml

19:47:23.602 [main] DEBUG org.apache.poi.openxml4j.opc.PackageRelationshipCollection - Parsing relationship: /xl/_rels/workbook.xml.rels
19:47:23.605 [main] DEBUG org.apache.poi.openxml4j.opc.PackageRelationshipCollection - Parsing relationship: /xl/worksheets/_rels/sheet1.xml.rels
19:47:23.607 [main] DEBUG org.apache.poi.openxml4j.opc.PackageRelationshipCollection - Parsing relationship: /_rels/.rels
19:47:24.128 [main] DEBUG org.apache.poi.openxml4j.opc.PackageRelationshipCollection - Parsing relationship: /xl/_rels/workbook.xml.rels
19:47:24.130 [main] DEBUG org.apache.poi.openxml4j.opc.PackageRelationshipCollection - Parsing relationship: /xl/worksheets/_rels/sheet1.xml.rels
19:47:24.132 [main] DEBUG org.apache.poi.openxml4j.opc.PackageRelationshipCollection - Parsing relationship: /_rels/.rels
19:47:24.166 [main] DEBUG org.apache.poi.openxml4j.opc.PackageRelationshipCollection - Parsing relationship: /xl/_rels/workbook.xml.rels
19:47:24.168 [main] DEBUG org.apache.poi.openxml4j.opc.PackageRelationshipCollection - Parsing relationship: /xl/worksheets/_rels/sheet1.xml.rels
19:47:24.169 [main] DEBUG org.apache.poi.openxml4j.opc.PackageRelationshipCollection - Parsing relationship: /_rels/.rels
19:47:24.217 [main] DEBUG org.apache.poi.openxml4j.opc.PackageRelationshipCollection - Parsing relationship: /xl/_rels/workbook.xml.rels
19:47:24.218 [main] DEBUG org.apache.poi.openxml4j.opc.PackageRelationshipCollection - Parsing relationship: /xl/worksheets/_rels/sheet1.xml.rels
19:47:24.219 [main] DEBUG org.apache.poi.openxml4j.opc.PackageRelationshipCollection - Parsing relationship: /_rels/.rels
19:47:24.244 [main] DEBUG org.apache.poi.openxml4j.opc.PackageRelationshipCollection - Parsing relationship: /xl/_rels/workbook.xml.rels
19:47:24.246 [main] DEBUG org.apache.poi.openxml4j.opc.PackageRelationshipCollection - Parsing relationship: /xl/worksheets/_rels/sheet1.xml.rels
19:47:24.247 [main] DEBUG org.apache.poi.openxml4j.opc.PackageRelationshipCollection - Parsing relationship: /_rels/.rels
19:47:24.294 [main] DEBUG org.apache.poi.openxml4j.opc.PackageRelationshipCollection - Parsing relationship: /xl/_rels/workbook.xml.rels
19:47:24.297 [main] DEBUG org.apache.poi.openxml4j.opc.PackageRelationshipCollection - Parsing relationship: /xl/worksheets/_rels/sheet1.xml.rels
19:47:24.298 [main] DEBUG org.apache.poi.openxml4j.opc.PackageRelationshipCollection - Parsing relationship: /_rels/.rels
19:47:24.327 [main] DEBUG org.apache.poi.openxml4j.opc.PackageRelationshipCollection - Parsing relationship: /xl/_rels/workbook.xml.rels
19:47:24.328 [main] DEBUG org.apache.poi.openxml4j.opc.PackageRelationshipCollection - Parsing relationship: /xl/worksheets/_rels/sheet1.xml.rels
19:47:24.329 [main] DEBUG org.apache.poi.openxml4j.opc.PackageRelationshipCollection - Parsing relationship: /_rels/.rels
19:47:24.358 [main] DEBUG org.apache.poi.openxml4j.opc.PackageRelationshipCollection - Parsing relationship: /xl/_rels/workbook.xml.rels
19:47:24.360 [main] DEBUG org.apache.poi.openxml4j.opc.PackageRelationshipCollection - Parsing relationship: /xl/worksheets/_rels/sheet1.xml.rels
19:47:24.361 [main] DEBUG org.apache.poi.openxml4j.opc.PackageRelationshipCollection - Parsing relationship: /_rels/.rels
19:47:24.389 [main] DEBUG org.apache.poi.openxml4j.opc.PackageRelationshipCollection - Parsing relationship: /xl/_rels/workbook.xml.rels
19:47:24.390 [main] DEBUG org.apache.poi.openxml4j.opc.PackageRelationshipCollection - Parsing relationship: /xl/worksheets/_rels/sheet1.xml.rels
19:47:24.391 [main] DEBUG org.apache.poi.openxml4j.opc.PackageRelationshipCollection - Parsing relationship: /_rels/.rels
19:47:24.417 [main] DEBUG org.apache.poi.openxml4j.opc.PackageRelationshipCollection - Parsing relationship: /xl/_rels/workbook.xml.rels
19:47:24.418 [main] DEBUG org.apache.poi.openxml4j.opc.PackageRelationshipCollection - Parsing relationship: /xl/worksheets/_rels/sheet1.xml.rels
19:47:24.419 [main] DEBUG org.apache.poi.openxml4j.opc.PackageRelationshipCollection - Parsing relationship: /_rels/.rels
19:47:24.444 [main] DEBUG org.apache.poi.openxml4j.opc.PackageRelationshipCollection - Parsing relationship: /xl/_rels/workbook.xml.rels
19:47:24.445 [main] DEBUG org.apache.poi.openxml4j.opc.PackageRelationshipCollection - Parsing relationship: /xl/worksheets/_rels/sheet1.xml.rels
19:47:24.446 [main] DEBUG org.apache.poi.openxml4j.opc.PackageRelationshipCollection - Parsing relationship: /_rels/.rels
19:47:24.472 [main] DEBUG org.apache.poi.openxml4j.opc.PackageRelationshipCollection - Parsing relationship: /xl/_rels/workbook.xml.rels
19:47:24.473 [main] DEBUG org.apache.poi.openxml4j.opc.PackageRelationshipCollection - Parsing relationship: /xl/worksheets/_rels/sheet1.xml.rels
19:47:24.474 [main] DEBUG org.apache.poi.openxml4j.opc.PackageRelationshipCollection - Parsing relationship: /_rels/.rels
19:47:24.503 [main] DEBUG org.apache.poi.openxml4j.opc.PackageRelationshipCollection - Parsing relationship: /xl/_rels/workbook.xml.rels
19:47:24.505 [main] DEBUG org.apache.poi.openxml4j.opc.PackageRelationshipCollection - Parsing relationship: /xl/worksheets/_rels/sheet1.xml.rels
19:47:24.506 [main] DEBUG org.apache.poi.openxml4j.opc.PackageRelationshipCollection - Parsing relationship: /_rels/.rels
19:47:24.527 [main] DEBUG org.apache.poi.openxml4j.opc.PackageRelationshipCollection - Parsing relationship: /xl/_rels/workbook.xml.rels
19:47:24.529 [main] DEBUG org.apache.poi.openxml4j.opc.PackageRelationshipCollection - Parsing relationship: /xl/worksheets/_rels/sheet1.xml.rels
19:47:24.530 [main] DEBUG org.apache.poi.openxml4j.opc.PackageRelationshipCollection - Parsing relationship: /_rels/.rels
19:47:24.573 [main] INFO  testCases.TC003_LoginDataDrivenTest - ***** Starting verify_loginDDT ******
19:47:26.282 [main] INFO  testCases.TC003_LoginDataDrivenTest - ***** Finished verify_loginDDT ******
19:47:26.296 [main] INFO  testCases.TC003_LoginDataDrivenTest - ***** Starting verify_loginDDT ******
19:47:37.329 [main] INFO  testCases.TC003_LoginDataDrivenTest - ***** Finished verify_loginDDT ******
19:47:37.331 [main] INFO  testCases.TC003_LoginDataDrivenTest - ***** Starting verify_loginDDT ******
19:47:48.105 [main] INFO  testCases.TC003_LoginDataDrivenTest - ***** Finished verify_loginDDT ******
19:47:48.113 [main] INFO  testCases.TC003_LoginDataDrivenTest - ***** Starting verify_loginDDT ******
19:47:49.585 [main] INFO  testCases.TC003_LoginDataDrivenTest - ***** Finished verify_loginDDT ******
19:52:29.581 [main] DEBUG org.testng.TestNG - suiteXmlPath: "C:\Eclipse BackUp1\MyWorkSpace\Anil121\master.xml"
19:52:30.173 [main] INFO  org.testng.internal.Utils - [TestNG] Running:
  C:\Eclipse BackUp1\MyWorkSpace\Anil121\master.xml

19:52:35.547 [main] DEBUG org.apache.poi.openxml4j.opc.PackageRelationshipCollection - Parsing relationship: /xl/_rels/workbook.xml.rels
19:52:35.554 [main] DEBUG org.apache.poi.openxml4j.opc.PackageRelationshipCollection - Parsing relationship: /xl/worksheets/_rels/sheet1.xml.rels
19:52:35.559 [main] DEBUG org.apache.poi.openxml4j.opc.PackageRelationshipCollection - Parsing relationship: /_rels/.rels
19:52:36.467 [main] DEBUG org.apache.poi.openxml4j.opc.PackageRelationshipCollection - Parsing relationship: /xl/_rels/workbook.xml.rels
19:52:36.469 [main] DEBUG org.apache.poi.openxml4j.opc.PackageRelationshipCollection - Parsing relationship: /xl/worksheets/_rels/sheet1.xml.rels
19:52:36.472 [main] DEBUG org.apache.poi.openxml4j.opc.PackageRelationshipCollection - Parsing relationship: /_rels/.rels
19:52:36.522 [main] DEBUG org.apache.poi.openxml4j.opc.PackageRelationshipCollection - Parsing relationship: /xl/_rels/workbook.xml.rels
19:52:36.524 [main] DEBUG org.apache.poi.openxml4j.opc.PackageRelationshipCollection - Parsing relationship: /xl/worksheets/_rels/sheet1.xml.rels
19:52:36.526 [main] DEBUG org.apache.poi.openxml4j.opc.PackageRelationshipCollection - Parsing relationship: /_rels/.rels
19:52:36.595 [main] DEBUG org.apache.poi.openxml4j.opc.PackageRelationshipCollection - Parsing relationship: /xl/_rels/workbook.xml.rels
19:52:36.596 [main] DEBUG org.apache.poi.openxml4j.opc.PackageRelationshipCollection - Parsing relationship: /xl/worksheets/_rels/sheet1.xml.rels
19:52:36.599 [main] DEBUG org.apache.poi.openxml4j.opc.PackageRelationshipCollection - Parsing relationship: /_rels/.rels
19:52:36.640 [main] DEBUG org.apache.poi.openxml4j.opc.PackageRelationshipCollection - Parsing relationship: /xl/_rels/workbook.xml.rels
19:52:36.641 [main] DEBUG org.apache.poi.openxml4j.opc.PackageRelationshipCollection - Parsing relationship: /xl/worksheets/_rels/sheet1.xml.rels
19:52:36.643 [main] DEBUG org.apache.poi.openxml4j.opc.PackageRelationshipCollection - Parsing relationship: /_rels/.rels
19:52:36.688 [main] DEBUG org.apache.poi.openxml4j.opc.PackageRelationshipCollection - Parsing relationship: /xl/_rels/workbook.xml.rels
19:52:36.690 [main] DEBUG org.apache.poi.openxml4j.opc.PackageRelationshipCollection - Parsing relationship: /xl/worksheets/_rels/sheet1.xml.rels
19:52:36.691 [main] DEBUG org.apache.poi.openxml4j.opc.PackageRelationshipCollection - Parsing relationship: /_rels/.rels
19:52:36.738 [main] DEBUG org.apache.poi.openxml4j.opc.PackageRelationshipCollection - Parsing relationship: /xl/_rels/workbook.xml.rels
19:52:36.740 [main] DEBUG org.apache.poi.openxml4j.opc.PackageRelationshipCollection - Parsing relationship: /xl/worksheets/_rels/sheet1.xml.rels
19:52:36.742 [main] DEBUG org.apache.poi.openxml4j.opc.PackageRelationshipCollection - Parsing relationship: /_rels/.rels
19:52:36.780 [main] DEBUG org.apache.poi.openxml4j.opc.PackageRelationshipCollection - Parsing relationship: /xl/_rels/workbook.xml.rels
19:52:36.782 [main] DEBUG org.apache.poi.openxml4j.opc.PackageRelationshipCollection - Parsing relationship: /xl/worksheets/_rels/sheet1.xml.rels
19:52:36.784 [main] DEBUG org.apache.poi.openxml4j.opc.PackageRelationshipCollection - Parsing relationship: /_rels/.rels
19:52:36.820 [main] DEBUG org.apache.poi.openxml4j.opc.PackageRelationshipCollection - Parsing relationship: /xl/_rels/workbook.xml.rels
19:52:36.822 [main] DEBUG org.apache.poi.openxml4j.opc.PackageRelationshipCollection - Parsing relationship: /xl/worksheets/_rels/sheet1.xml.rels
19:52:36.823 [main] DEBUG org.apache.poi.openxml4j.opc.PackageRelationshipCollection - Parsing relationship: /_rels/.rels
19:52:36.859 [main] DEBUG org.apache.poi.openxml4j.opc.PackageRelationshipCollection - Parsing relationship: /xl/_rels/workbook.xml.rels
19:52:36.860 [main] DEBUG org.apache.poi.openxml4j.opc.PackageRelationshipCollection - Parsing relationship: /xl/worksheets/_rels/sheet1.xml.rels
19:52:36.862 [main] DEBUG org.apache.poi.openxml4j.opc.PackageRelationshipCollection - Parsing relationship: /_rels/.rels
19:52:36.895 [main] DEBUG org.apache.poi.openxml4j.opc.PackageRelationshipCollection - Parsing relationship: /xl/_rels/workbook.xml.rels
19:52:36.896 [main] DEBUG org.apache.poi.openxml4j.opc.PackageRelationshipCollection - Parsing relationship: /xl/worksheets/_rels/sheet1.xml.rels
19:52:36.897 [main] DEBUG org.apache.poi.openxml4j.opc.PackageRelationshipCollection - Parsing relationship: /_rels/.rels
19:52:36.935 [main] DEBUG org.apache.poi.openxml4j.opc.PackageRelationshipCollection - Parsing relationship: /xl/_rels/workbook.xml.rels
19:52:36.937 [main] DEBUG org.apache.poi.openxml4j.opc.PackageRelationshipCollection - Parsing relationship: /xl/worksheets/_rels/sheet1.xml.rels
19:52:36.938 [main] DEBUG org.apache.poi.openxml4j.opc.PackageRelationshipCollection - Parsing relationship: /_rels/.rels
19:52:37.006 [main] DEBUG org.apache.poi.openxml4j.opc.PackageRelationshipCollection - Parsing relationship: /xl/_rels/workbook.xml.rels
19:52:37.008 [main] DEBUG org.apache.poi.openxml4j.opc.PackageRelationshipCollection - Parsing relationship: /xl/worksheets/_rels/sheet1.xml.rels
19:52:37.010 [main] DEBUG org.apache.poi.openxml4j.opc.PackageRelationshipCollection - Parsing relationship: /_rels/.rels
19:52:37.056 [main] DEBUG org.apache.poi.openxml4j.opc.PackageRelationshipCollection - Parsing relationship: /xl/_rels/workbook.xml.rels
19:52:37.057 [main] DEBUG org.apache.poi.openxml4j.opc.PackageRelationshipCollection - Parsing relationship: /xl/worksheets/_rels/sheet1.xml.rels
19:52:37.059 [main] DEBUG org.apache.poi.openxml4j.opc.PackageRelationshipCollection - Parsing relationship: /_rels/.rels
19:52:37.133 [main] INFO  testCases.TC003_LoginDataDrivenTest - ***** Starting verify_loginDDT ******
19:52:41.333 [main] INFO  testCases.TC003_LoginDataDrivenTest - ***** Finished verify_loginDDT ******
19:52:41.347 [main] INFO  testCases.TC003_LoginDataDrivenTest - ***** Starting verify_loginDDT ******
19:52:44.955 [main] INFO  testCases.TC003_LoginDataDrivenTest - ***** Starting verify_loginDDT ******
19:52:57.541 [main] INFO  testCases.TC003_LoginDataDrivenTest - ***** Finished verify_loginDDT ******
19:52:57.545 [main] INFO  testCases.TC003_LoginDataDrivenTest - ***** Starting verify_loginDDT ******
19:53:02.094 [main] INFO  testCases.TC003_LoginDataDrivenTest - ***** Finished verify_loginDDT ******
19:56:54.105 [main] DEBUG org.testng.TestNG - suiteXmlPath: "C:\Eclipse BackUp1\MyWorkSpace\Anil121\master.xml"
19:56:54.836 [main] INFO  org.testng.internal.Utils - [TestNG] Running:
  C:\Eclipse BackUp1\MyWorkSpace\Anil121\master.xml

19:57:01.637 [main] DEBUG org.apache.poi.openxml4j.opc.PackageRelationshipCollection - Parsing relationship: /xl/_rels/workbook.xml.rels
19:57:01.647 [main] DEBUG org.apache.poi.openxml4j.opc.PackageRelationshipCollection - Parsing relationship: /xl/worksheets/_rels/sheet1.xml.rels
19:57:01.649 [main] DEBUG org.apache.poi.openxml4j.opc.PackageRelationshipCollection - Parsing relationship: /_rels/.rels
19:57:03.117 [main] DEBUG org.apache.poi.openxml4j.opc.PackageRelationshipCollection - Parsing relationship: /xl/_rels/workbook.xml.rels
19:57:03.117 [main] DEBUG org.apache.poi.openxml4j.opc.PackageRelationshipCollection - Parsing relationship: /xl/worksheets/_rels/sheet1.xml.rels
19:57:03.122 [main] DEBUG org.apache.poi.openxml4j.opc.PackageRelationshipCollection - Parsing relationship: /_rels/.rels
19:57:03.237 [main] DEBUG org.apache.poi.openxml4j.opc.PackageRelationshipCollection - Parsing relationship: /xl/_rels/workbook.xml.rels
19:57:03.241 [main] DEBUG org.apache.poi.openxml4j.opc.PackageRelationshipCollection - Parsing relationship: /xl/worksheets/_rels/sheet1.xml.rels
19:57:03.244 [main] DEBUG org.apache.poi.openxml4j.opc.PackageRelationshipCollection - Parsing relationship: /_rels/.rels
19:57:03.345 [main] DEBUG org.apache.poi.openxml4j.opc.PackageRelationshipCollection - Parsing relationship: /xl/_rels/workbook.xml.rels
19:57:03.347 [main] DEBUG org.apache.poi.openxml4j.opc.PackageRelationshipCollection - Parsing relationship: /xl/worksheets/_rels/sheet1.xml.rels
19:57:03.349 [main] DEBUG org.apache.poi.openxml4j.opc.PackageRelationshipCollection - Parsing relationship: /_rels/.rels
19:57:03.439 [main] DEBUG org.apache.poi.openxml4j.opc.PackageRelationshipCollection - Parsing relationship: /xl/_rels/workbook.xml.rels
19:57:03.443 [main] DEBUG org.apache.poi.openxml4j.opc.PackageRelationshipCollection - Parsing relationship: /xl/worksheets/_rels/sheet1.xml.rels
19:57:03.447 [main] DEBUG org.apache.poi.openxml4j.opc.PackageRelationshipCollection - Parsing relationship: /_rels/.rels
19:57:03.521 [main] DEBUG org.apache.poi.openxml4j.opc.PackageRelationshipCollection - Parsing relationship: /xl/_rels/workbook.xml.rels
19:57:03.523 [main] DEBUG org.apache.poi.openxml4j.opc.PackageRelationshipCollection - Parsing relationship: /xl/worksheets/_rels/sheet1.xml.rels
19:57:03.524 [main] DEBUG org.apache.poi.openxml4j.opc.PackageRelationshipCollection - Parsing relationship: /_rels/.rels
19:57:03.607 [main] DEBUG org.apache.poi.openxml4j.opc.PackageRelationshipCollection - Parsing relationship: /xl/_rels/workbook.xml.rels
19:57:03.611 [main] DEBUG org.apache.poi.openxml4j.opc.PackageRelationshipCollection - Parsing relationship: /xl/worksheets/_rels/sheet1.xml.rels
19:57:03.613 [main] DEBUG org.apache.poi.openxml4j.opc.PackageRelationshipCollection - Parsing relationship: /_rels/.rels
19:57:03.667 [main] DEBUG org.apache.poi.openxml4j.opc.PackageRelationshipCollection - Parsing relationship: /xl/_rels/workbook.xml.rels
19:57:03.670 [main] DEBUG org.apache.poi.openxml4j.opc.PackageRelationshipCollection - Parsing relationship: /xl/worksheets/_rels/sheet1.xml.rels
19:57:03.673 [main] DEBUG org.apache.poi.openxml4j.opc.PackageRelationshipCollection - Parsing relationship: /_rels/.rels
19:57:03.733 [main] DEBUG org.apache.poi.openxml4j.opc.PackageRelationshipCollection - Parsing relationship: /xl/_rels/workbook.xml.rels
19:57:03.733 [main] DEBUG org.apache.poi.openxml4j.opc.PackageRelationshipCollection - Parsing relationship: /xl/worksheets/_rels/sheet1.xml.rels
19:57:03.737 [main] DEBUG org.apache.poi.openxml4j.opc.PackageRelationshipCollection - Parsing relationship: /_rels/.rels
19:57:03.791 [main] DEBUG org.apache.poi.openxml4j.opc.PackageRelationshipCollection - Parsing relationship: /xl/_rels/workbook.xml.rels
19:57:03.797 [main] DEBUG org.apache.poi.openxml4j.opc.PackageRelationshipCollection - Parsing relationship: /xl/worksheets/_rels/sheet1.xml.rels
19:57:03.802 [main] DEBUG org.apache.poi.openxml4j.opc.PackageRelationshipCollection - Parsing relationship: /_rels/.rels
19:57:03.857 [main] DEBUG org.apache.poi.openxml4j.opc.PackageRelationshipCollection - Parsing relationship: /xl/_rels/workbook.xml.rels
19:57:03.859 [main] DEBUG org.apache.poi.openxml4j.opc.PackageRelationshipCollection - Parsing relationship: /xl/worksheets/_rels/sheet1.xml.rels
19:57:03.861 [main] DEBUG org.apache.poi.openxml4j.opc.PackageRelationshipCollection - Parsing relationship: /_rels/.rels
19:57:03.917 [main] DEBUG org.apache.poi.openxml4j.opc.PackageRelationshipCollection - Parsing relationship: /xl/_rels/workbook.xml.rels
19:57:03.919 [main] DEBUG org.apache.poi.openxml4j.opc.PackageRelationshipCollection - Parsing relationship: /xl/worksheets/_rels/sheet1.xml.rels
19:57:03.921 [main] DEBUG org.apache.poi.openxml4j.opc.PackageRelationshipCollection - Parsing relationship: /_rels/.rels
19:57:03.973 [main] DEBUG org.apache.poi.openxml4j.opc.PackageRelationshipCollection - Parsing relationship: /xl/_rels/workbook.xml.rels
19:57:03.977 [main] DEBUG org.apache.poi.openxml4j.opc.PackageRelationshipCollection - Parsing relationship: /xl/worksheets/_rels/sheet1.xml.rels
19:57:03.979 [main] DEBUG org.apache.poi.openxml4j.opc.PackageRelationshipCollection - Parsing relationship: /_rels/.rels
19:57:04.031 [main] DEBUG org.apache.poi.openxml4j.opc.PackageRelationshipCollection - Parsing relationship: /xl/_rels/workbook.xml.rels
19:57:04.033 [main] DEBUG org.apache.poi.openxml4j.opc.PackageRelationshipCollection - Parsing relationship: /xl/worksheets/_rels/sheet1.xml.rels
19:57:04.036 [main] DEBUG org.apache.poi.openxml4j.opc.PackageRelationshipCollection - Parsing relationship: /_rels/.rels
19:57:04.088 [main] DEBUG org.apache.poi.openxml4j.opc.PackageRelationshipCollection - Parsing relationship: /xl/_rels/workbook.xml.rels
19:57:04.090 [main] DEBUG org.apache.poi.openxml4j.opc.PackageRelationshipCollection - Parsing relationship: /xl/worksheets/_rels/sheet1.xml.rels
19:57:04.094 [main] DEBUG org.apache.poi.openxml4j.opc.PackageRelationshipCollection - Parsing relationship: /_rels/.rels
19:57:04.141 [main] DEBUG org.apache.poi.openxml4j.opc.PackageRelationshipCollection - Parsing relationship: /xl/_rels/workbook.xml.rels
19:57:04.141 [main] DEBUG org.apache.poi.openxml4j.opc.PackageRelationshipCollection - Parsing relationship: /xl/worksheets/_rels/sheet1.xml.rels
19:57:04.147 [main] DEBUG org.apache.poi.openxml4j.opc.PackageRelationshipCollection - Parsing relationship: /_rels/.rels
19:57:04.192 [main] DEBUG org.apache.poi.openxml4j.opc.PackageRelationshipCollection - Parsing relationship: /xl/_rels/workbook.xml.rels
19:57:04.192 [main] DEBUG org.apache.poi.openxml4j.opc.PackageRelationshipCollection - Parsing relationship: /xl/worksheets/_rels/sheet1.xml.rels
19:57:04.198 [main] DEBUG org.apache.poi.openxml4j.opc.PackageRelationshipCollection - Parsing relationship: /_rels/.rels
19:57:04.281 [main] INFO  testCases.TC003_LoginDataDrivenTest - ***** Starting verify_loginDDT ******
19:57:08.889 [main] INFO  testCases.TC003_LoginDataDrivenTest - ***** Finished verify_loginDDT ******
19:57:08.916 [main] INFO  testCases.TC003_LoginDataDrivenTest - ***** Starting verify_loginDDT ******
19:57:13.441 [main] INFO  testCases.TC003_LoginDataDrivenTest - ***** Starting verify_loginDDT ******
19:57:27.182 [main] INFO  testCases.TC003_LoginDataDrivenTest - ***** Finished verify_loginDDT ******
19:57:27.197 [main] INFO  testCases.TC003_LoginDataDrivenTest - ***** Starting verify_loginDDT ******
19:57:32.472 [main] INFO  testCases.TC003_LoginDataDrivenTest - ***** Finished verify_loginDDT ******
19:57:32.493 [main] INFO  testCases.TC003_LoginDataDrivenTest - ***** Starting verify_loginDDT ******
20:07:51.199 [main] DEBUG org.testng.TestNG - suiteXmlPath: "C:\Eclipse BackUp1\MyWorkSpace\Anil121\master.xml"
20:07:51.918 [main] INFO  org.testng.internal.Utils - [TestNG] Running:
  C:\Eclipse BackUp1\MyWorkSpace\Anil121\master.xml

20:08:00.749 [main] DEBUG org.apache.poi.openxml4j.opc.PackageRelationshipCollection - Parsing relationship: /xl/_rels/workbook.xml.rels
20:08:00.759 [main] DEBUG org.apache.poi.openxml4j.opc.PackageRelationshipCollection - Parsing relationship: /xl/worksheets/_rels/sheet1.xml.rels
20:08:00.766 [main] DEBUG org.apache.poi.openxml4j.opc.PackageRelationshipCollection - Parsing relationship: /_rels/.rels
20:08:01.891 [main] DEBUG org.apache.poi.openxml4j.opc.PackageRelationshipCollection - Parsing relationship: /xl/_rels/workbook.xml.rels
20:08:01.894 [main] DEBUG org.apache.poi.openxml4j.opc.PackageRelationshipCollection - Parsing relationship: /xl/worksheets/_rels/sheet1.xml.rels
20:08:01.898 [main] DEBUG org.apache.poi.openxml4j.opc.PackageRelationshipCollection - Parsing relationship: /_rels/.rels
20:08:01.985 [main] DEBUG org.apache.poi.openxml4j.opc.PackageRelationshipCollection - Parsing relationship: /xl/_rels/workbook.xml.rels
20:08:01.988 [main] DEBUG org.apache.poi.openxml4j.opc.PackageRelationshipCollection - Parsing relationship: /xl/worksheets/_rels/sheet1.xml.rels
20:08:01.992 [main] DEBUG org.apache.poi.openxml4j.opc.PackageRelationshipCollection - Parsing relationship: /_rels/.rels
20:08:02.098 [main] DEBUG org.apache.poi.openxml4j.opc.PackageRelationshipCollection - Parsing relationship: /xl/_rels/workbook.xml.rels
20:08:02.100 [main] DEBUG org.apache.poi.openxml4j.opc.PackageRelationshipCollection - Parsing relationship: /xl/worksheets/_rels/sheet1.xml.rels
20:08:02.106 [main] DEBUG org.apache.poi.openxml4j.opc.PackageRelationshipCollection - Parsing relationship: /_rels/.rels
20:08:02.172 [main] DEBUG org.apache.poi.openxml4j.opc.PackageRelationshipCollection - Parsing relationship: /xl/_rels/workbook.xml.rels
20:08:02.175 [main] DEBUG org.apache.poi.openxml4j.opc.PackageRelationshipCollection - Parsing relationship: /xl/worksheets/_rels/sheet1.xml.rels
20:08:02.178 [main] DEBUG org.apache.poi.openxml4j.opc.PackageRelationshipCollection - Parsing relationship: /_rels/.rels
20:08:02.242 [main] DEBUG org.apache.poi.openxml4j.opc.PackageRelationshipCollection - Parsing relationship: /xl/_rels/workbook.xml.rels
20:08:02.245 [main] DEBUG org.apache.poi.openxml4j.opc.PackageRelationshipCollection - Parsing relationship: /xl/worksheets/_rels/sheet1.xml.rels
20:08:02.249 [main] DEBUG org.apache.poi.openxml4j.opc.PackageRelationshipCollection - Parsing relationship: /_rels/.rels
20:08:02.316 [main] DEBUG org.apache.poi.openxml4j.opc.PackageRelationshipCollection - Parsing relationship: /xl/_rels/workbook.xml.rels
20:08:02.318 [main] DEBUG org.apache.poi.openxml4j.opc.PackageRelationshipCollection - Parsing relationship: /xl/worksheets/_rels/sheet1.xml.rels
20:08:02.322 [main] DEBUG org.apache.poi.openxml4j.opc.PackageRelationshipCollection - Parsing relationship: /_rels/.rels
20:08:02.376 [main] DEBUG org.apache.poi.openxml4j.opc.PackageRelationshipCollection - Parsing relationship: /xl/_rels/workbook.xml.rels
20:08:02.379 [main] DEBUG org.apache.poi.openxml4j.opc.PackageRelationshipCollection - Parsing relationship: /xl/worksheets/_rels/sheet1.xml.rels
20:08:02.381 [main] DEBUG org.apache.poi.openxml4j.opc.PackageRelationshipCollection - Parsing relationship: /_rels/.rels
20:08:02.437 [main] DEBUG org.apache.poi.openxml4j.opc.PackageRelationshipCollection - Parsing relationship: /xl/_rels/workbook.xml.rels
20:08:02.439 [main] DEBUG org.apache.poi.openxml4j.opc.PackageRelationshipCollection - Parsing relationship: /xl/worksheets/_rels/sheet1.xml.rels
20:08:02.442 [main] DEBUG org.apache.poi.openxml4j.opc.PackageRelationshipCollection - Parsing relationship: /_rels/.rels
20:08:02.495 [main] DEBUG org.apache.poi.openxml4j.opc.PackageRelationshipCollection - Parsing relationship: /xl/_rels/workbook.xml.rels
20:08:02.496 [main] DEBUG org.apache.poi.openxml4j.opc.PackageRelationshipCollection - Parsing relationship: /xl/worksheets/_rels/sheet1.xml.rels
20:08:02.500 [main] DEBUG org.apache.poi.openxml4j.opc.PackageRelationshipCollection - Parsing relationship: /_rels/.rels
20:08:02.548 [main] DEBUG org.apache.poi.openxml4j.opc.PackageRelationshipCollection - Parsing relationship: /xl/_rels/workbook.xml.rels
20:08:02.549 [main] DEBUG org.apache.poi.openxml4j.opc.PackageRelationshipCollection - Parsing relationship: /xl/worksheets/_rels/sheet1.xml.rels
20:08:02.552 [main] DEBUG org.apache.poi.openxml4j.opc.PackageRelationshipCollection - Parsing relationship: /_rels/.rels
20:08:02.605 [main] DEBUG org.apache.poi.openxml4j.opc.PackageRelationshipCollection - Parsing relationship: /xl/_rels/workbook.xml.rels
20:08:02.607 [main] DEBUG org.apache.poi.openxml4j.opc.PackageRelationshipCollection - Parsing relationship: /xl/worksheets/_rels/sheet1.xml.rels
20:08:02.610 [main] DEBUG org.apache.poi.openxml4j.opc.PackageRelationshipCollection - Parsing relationship: /_rels/.rels
20:08:02.661 [main] DEBUG org.apache.poi.openxml4j.opc.PackageRelationshipCollection - Parsing relationship: /xl/_rels/workbook.xml.rels
20:08:02.663 [main] DEBUG org.apache.poi.openxml4j.opc.PackageRelationshipCollection - Parsing relationship: /xl/worksheets/_rels/sheet1.xml.rels
20:08:02.665 [main] DEBUG org.apache.poi.openxml4j.opc.PackageRelationshipCollection - Parsing relationship: /_rels/.rels
20:08:02.712 [main] DEBUG org.apache.poi.openxml4j.opc.PackageRelationshipCollection - Parsing relationship: /xl/_rels/workbook.xml.rels
20:08:02.714 [main] DEBUG org.apache.poi.openxml4j.opc.PackageRelationshipCollection - Parsing relationship: /xl/worksheets/_rels/sheet1.xml.rels
20:08:02.716 [main] DEBUG org.apache.poi.openxml4j.opc.PackageRelationshipCollection - Parsing relationship: /_rels/.rels
20:08:02.762 [main] DEBUG org.apache.poi.openxml4j.opc.PackageRelationshipCollection - Parsing relationship: /xl/_rels/workbook.xml.rels
20:08:02.763 [main] DEBUG org.apache.poi.openxml4j.opc.PackageRelationshipCollection - Parsing relationship: /xl/worksheets/_rels/sheet1.xml.rels
20:08:02.766 [main] DEBUG org.apache.poi.openxml4j.opc.PackageRelationshipCollection - Parsing relationship: /_rels/.rels
20:08:02.813 [main] DEBUG org.apache.poi.openxml4j.opc.PackageRelationshipCollection - Parsing relationship: /xl/_rels/workbook.xml.rels
20:08:02.815 [main] DEBUG org.apache.poi.openxml4j.opc.PackageRelationshipCollection - Parsing relationship: /xl/worksheets/_rels/sheet1.xml.rels
20:08:02.816 [main] DEBUG org.apache.poi.openxml4j.opc.PackageRelationshipCollection - Parsing relationship: /_rels/.rels
20:08:02.861 [main] DEBUG org.apache.poi.openxml4j.opc.PackageRelationshipCollection - Parsing relationship: /xl/_rels/workbook.xml.rels
20:08:02.863 [main] DEBUG org.apache.poi.openxml4j.opc.PackageRelationshipCollection - Parsing relationship: /xl/worksheets/_rels/sheet1.xml.rels
20:08:02.866 [main] DEBUG org.apache.poi.openxml4j.opc.PackageRelationshipCollection - Parsing relationship: /_rels/.rels
20:08:02.912 [main] DEBUG org.apache.poi.openxml4j.opc.PackageRelationshipCollection - Parsing relationship: /xl/_rels/workbook.xml.rels
20:08:02.914 [main] DEBUG org.apache.poi.openxml4j.opc.PackageRelationshipCollection - Parsing relationship: /xl/worksheets/_rels/sheet1.xml.rels
20:08:02.916 [main] DEBUG org.apache.poi.openxml4j.opc.PackageRelationshipCollection - Parsing relationship: /_rels/.rels
20:08:02.961 [main] DEBUG org.apache.poi.openxml4j.opc.PackageRelationshipCollection - Parsing relationship: /xl/_rels/workbook.xml.rels
20:08:02.963 [main] DEBUG org.apache.poi.openxml4j.opc.PackageRelationshipCollection - Parsing relationship: /xl/worksheets/_rels/sheet1.xml.rels
20:08:02.965 [main] DEBUG org.apache.poi.openxml4j.opc.PackageRelationshipCollection - Parsing relationship: /_rels/.rels
20:08:03.008 [main] DEBUG org.apache.poi.openxml4j.opc.PackageRelationshipCollection - Parsing relationship: /xl/_rels/workbook.xml.rels
20:08:03.012 [main] DEBUG org.apache.poi.openxml4j.opc.PackageRelationshipCollection - Parsing relationship: /xl/worksheets/_rels/sheet1.xml.rels
20:08:03.024 [main] DEBUG org.apache.poi.openxml4j.opc.PackageRelationshipCollection - Parsing relationship: /_rels/.rels
20:08:03.131 [main] INFO  testCases.TC003_LoginDataDrivenTest - ***** Starting verify_loginDDT ******
20:08:07.444 [main] INFO  testCases.TC003_LoginDataDrivenTest - ***** Finished verify_loginDDT ******
20:08:07.458 [main] INFO  testCases.TC003_LoginDataDrivenTest - ***** Starting verify_loginDDT ******
20:08:12.383 [main] INFO  testCases.TC003_LoginDataDrivenTest - ***** Starting verify_loginDDT ******
20:08:25.280 [main] INFO  testCases.TC003_LoginDataDrivenTest - ***** Finished verify_loginDDT ******
20:08:25.290 [main] INFO  testCases.TC003_LoginDataDrivenTest - ***** Starting verify_loginDDT ******
20:08:30.464 [main] INFO  testCases.TC003_LoginDataDrivenTest - ***** Finished verify_loginDDT ******
20:08:30.483 [main] INFO  testCases.TC003_LoginDataDrivenTest - ***** Starting verify_loginDDT ******
20:08:44.226 [main] INFO  testCases.TC003_LoginDataDrivenTest - ***** Starting verify_loginDDT ******
20:08:56.429 [main] INFO  testCases.TC003_LoginDataDrivenTest - ***** Finished verify_loginDDT ******
17:36:14.163 [main] DEBUG org.testng.TestNG - suiteXmlPath: "C:\Eclipse BackUp1\MyWorkSpace\Anil121\master.xml"
17:36:14.830 [main] INFO  org.testng.internal.Utils - [TestNG] Running:
  C:\Eclipse BackUp1\MyWorkSpace\Anil121\master.xml

17:36:20.811 [main] DEBUG org.apache.poi.openxml4j.opc.PackageRelationshipCollection - Parsing relationship: /xl/_rels/workbook.xml.rels
17:36:20.816 [main] DEBUG org.apache.poi.openxml4j.opc.PackageRelationshipCollection - Parsing relationship: /xl/worksheets/_rels/sheet1.xml.rels
17:36:20.822 [main] DEBUG org.apache.poi.openxml4j.opc.PackageRelationshipCollection - Parsing relationship: /_rels/.rels
17:36:21.871 [main] DEBUG org.apache.poi.openxml4j.opc.PackageRelationshipCollection - Parsing relationship: /xl/_rels/workbook.xml.rels
17:36:21.874 [main] DEBUG org.apache.poi.openxml4j.opc.PackageRelationshipCollection - Parsing relationship: /xl/worksheets/_rels/sheet1.xml.rels
17:36:21.879 [main] DEBUG org.apache.poi.openxml4j.opc.PackageRelationshipCollection - Parsing relationship: /_rels/.rels
17:36:21.950 [main] DEBUG org.apache.poi.openxml4j.opc.PackageRelationshipCollection - Parsing relationship: /xl/_rels/workbook.xml.rels
17:36:21.953 [main] DEBUG org.apache.poi.openxml4j.opc.PackageRelationshipCollection - Parsing relationship: /xl/worksheets/_rels/sheet1.xml.rels
17:36:21.955 [main] DEBUG org.apache.poi.openxml4j.opc.PackageRelationshipCollection - Parsing relationship: /_rels/.rels
17:36:22.030 [main] DEBUG org.apache.poi.openxml4j.opc.PackageRelationshipCollection - Parsing relationship: /xl/_rels/workbook.xml.rels
17:36:22.032 [main] DEBUG org.apache.poi.openxml4j.opc.PackageRelationshipCollection - Parsing relationship: /xl/worksheets/_rels/sheet1.xml.rels
17:36:22.034 [main] DEBUG org.apache.poi.openxml4j.opc.PackageRelationshipCollection - Parsing relationship: /_rels/.rels
17:36:22.072 [main] DEBUG org.apache.poi.openxml4j.opc.PackageRelationshipCollection - Parsing relationship: /xl/_rels/workbook.xml.rels
17:36:22.074 [main] DEBUG org.apache.poi.openxml4j.opc.PackageRelationshipCollection - Parsing relationship: /xl/worksheets/_rels/sheet1.xml.rels
17:36:22.077 [main] DEBUG org.apache.poi.openxml4j.opc.PackageRelationshipCollection - Parsing relationship: /_rels/.rels
17:36:22.121 [main] DEBUG org.apache.poi.openxml4j.opc.PackageRelationshipCollection - Parsing relationship: /xl/_rels/workbook.xml.rels
17:36:22.122 [main] DEBUG org.apache.poi.openxml4j.opc.PackageRelationshipCollection - Parsing relationship: /xl/worksheets/_rels/sheet1.xml.rels
17:36:22.126 [main] DEBUG org.apache.poi.openxml4j.opc.PackageRelationshipCollection - Parsing relationship: /_rels/.rels
17:36:22.165 [main] DEBUG org.apache.poi.openxml4j.opc.PackageRelationshipCollection - Parsing relationship: /xl/_rels/workbook.xml.rels
17:36:22.166 [main] DEBUG org.apache.poi.openxml4j.opc.PackageRelationshipCollection - Parsing relationship: /xl/worksheets/_rels/sheet1.xml.rels
17:36:22.168 [main] DEBUG org.apache.poi.openxml4j.opc.PackageRelationshipCollection - Parsing relationship: /_rels/.rels
17:36:22.207 [main] DEBUG org.apache.poi.openxml4j.opc.PackageRelationshipCollection - Parsing relationship: /xl/_rels/workbook.xml.rels
17:36:22.208 [main] DEBUG org.apache.poi.openxml4j.opc.PackageRelationshipCollection - Parsing relationship: /xl/worksheets/_rels/sheet1.xml.rels
17:36:22.210 [main] DEBUG org.apache.poi.openxml4j.opc.PackageRelationshipCollection - Parsing relationship: /_rels/.rels
17:36:22.243 [main] DEBUG org.apache.poi.openxml4j.opc.PackageRelationshipCollection - Parsing relationship: /xl/_rels/workbook.xml.rels
17:36:22.245 [main] DEBUG org.apache.poi.openxml4j.opc.PackageRelationshipCollection - Parsing relationship: /xl/worksheets/_rels/sheet1.xml.rels
17:36:22.248 [main] DEBUG org.apache.poi.openxml4j.opc.PackageRelationshipCollection - Parsing relationship: /_rels/.rels
17:36:22.285 [main] DEBUG org.apache.poi.openxml4j.opc.PackageRelationshipCollection - Parsing relationship: /xl/_rels/workbook.xml.rels
17:36:22.287 [main] DEBUG org.apache.poi.openxml4j.opc.PackageRelationshipCollection - Parsing relationship: /xl/worksheets/_rels/sheet1.xml.rels
17:36:22.288 [main] DEBUG org.apache.poi.openxml4j.opc.PackageRelationshipCollection - Parsing relationship: /_rels/.rels
17:36:22.325 [main] DEBUG org.apache.poi.openxml4j.opc.PackageRelationshipCollection - Parsing relationship: /xl/_rels/workbook.xml.rels
17:36:22.326 [main] DEBUG org.apache.poi.openxml4j.opc.PackageRelationshipCollection - Parsing relationship: /xl/worksheets/_rels/sheet1.xml.rels
17:36:22.328 [main] DEBUG org.apache.poi.openxml4j.opc.PackageRelationshipCollection - Parsing relationship: /_rels/.rels
17:36:22.364 [main] DEBUG org.apache.poi.openxml4j.opc.PackageRelationshipCollection - Parsing relationship: /xl/_rels/workbook.xml.rels
17:36:22.365 [main] DEBUG org.apache.poi.openxml4j.opc.PackageRelationshipCollection - Parsing relationship: /xl/worksheets/_rels/sheet1.xml.rels
17:36:22.366 [main] DEBUG org.apache.poi.openxml4j.opc.PackageRelationshipCollection - Parsing relationship: /_rels/.rels
17:36:22.399 [main] DEBUG org.apache.poi.openxml4j.opc.PackageRelationshipCollection - Parsing relationship: /xl/_rels/workbook.xml.rels
17:36:22.400 [main] DEBUG org.apache.poi.openxml4j.opc.PackageRelationshipCollection - Parsing relationship: /xl/worksheets/_rels/sheet1.xml.rels
17:36:22.401 [main] DEBUG org.apache.poi.openxml4j.opc.PackageRelationshipCollection - Parsing relationship: /_rels/.rels
17:36:22.437 [main] DEBUG org.apache.poi.openxml4j.opc.PackageRelationshipCollection - Parsing relationship: /xl/_rels/workbook.xml.rels
17:36:22.439 [main] DEBUG org.apache.poi.openxml4j.opc.PackageRelationshipCollection - Parsing relationship: /xl/worksheets/_rels/sheet1.xml.rels
17:36:22.440 [main] DEBUG org.apache.poi.openxml4j.opc.PackageRelationshipCollection - Parsing relationship: /_rels/.rels
17:36:22.470 [main] DEBUG org.apache.poi.openxml4j.opc.PackageRelationshipCollection - Parsing relationship: /xl/_rels/workbook.xml.rels
17:36:22.472 [main] DEBUG org.apache.poi.openxml4j.opc.PackageRelationshipCollection - Parsing relationship: /xl/worksheets/_rels/sheet1.xml.rels
17:36:22.473 [main] DEBUG org.apache.poi.openxml4j.opc.PackageRelationshipCollection - Parsing relationship: /_rels/.rels
17:36:22.502 [main] DEBUG org.apache.poi.openxml4j.opc.PackageRelationshipCollection - Parsing relationship: /xl/_rels/workbook.xml.rels
17:36:22.503 [main] DEBUG org.apache.poi.openxml4j.opc.PackageRelationshipCollection - Parsing relationship: /xl/worksheets/_rels/sheet1.xml.rels
17:36:22.505 [main] DEBUG org.apache.poi.openxml4j.opc.PackageRelationshipCollection - Parsing relationship: /_rels/.rels
17:36:22.531 [main] DEBUG org.apache.poi.openxml4j.opc.PackageRelationshipCollection - Parsing relationship: /xl/_rels/workbook.xml.rels
17:36:22.532 [main] DEBUG org.apache.poi.openxml4j.opc.PackageRelationshipCollection - Parsing relationship: /xl/worksheets/_rels/sheet1.xml.rels
17:36:22.533 [main] DEBUG org.apache.poi.openxml4j.opc.PackageRelationshipCollection - Parsing relationship: /_rels/.rels
17:36:22.567 [main] DEBUG org.apache.poi.openxml4j.opc.PackageRelationshipCollection - Parsing relationship: /xl/_rels/workbook.xml.rels
17:36:22.568 [main] DEBUG org.apache.poi.openxml4j.opc.PackageRelationshipCollection - Parsing relationship: /xl/worksheets/_rels/sheet1.xml.rels
17:36:22.569 [main] DEBUG org.apache.poi.openxml4j.opc.PackageRelationshipCollection - Parsing relationship: /_rels/.rels
17:36:22.604 [main] DEBUG org.apache.poi.openxml4j.opc.PackageRelationshipCollection - Parsing relationship: /xl/_rels/workbook.xml.rels
17:36:22.605 [main] DEBUG org.apache.poi.openxml4j.opc.PackageRelationshipCollection - Parsing relationship: /xl/worksheets/_rels/sheet1.xml.rels
17:36:22.607 [main] DEBUG org.apache.poi.openxml4j.opc.PackageRelationshipCollection - Parsing relationship: /_rels/.rels
17:36:22.638 [main] DEBUG org.apache.poi.openxml4j.opc.PackageRelationshipCollection - Parsing relationship: /xl/_rels/workbook.xml.rels
17:36:22.640 [main] DEBUG org.apache.poi.openxml4j.opc.PackageRelationshipCollection - Parsing relationship: /xl/worksheets/_rels/sheet1.xml.rels
17:36:22.641 [main] DEBUG org.apache.poi.openxml4j.opc.PackageRelationshipCollection - Parsing relationship: /_rels/.rels
17:36:22.690 [main] INFO  testCases.TC003_LoginDataDrivenTest - ***** Starting verify_loginDDT ******
17:36:27.649 [main] INFO  testCases.TC003_LoginDataDrivenTest - ***** Finished verify_loginDDT ******
17:36:27.667 [main] INFO  testCases.TC003_LoginDataDrivenTest - ***** Starting verify_loginDDT ******
17:36:31.388 [main] INFO  testCases.TC003_LoginDataDrivenTest - ***** Starting verify_loginDDT ******
17:36:44.361 [main] INFO  testCases.TC003_LoginDataDrivenTest - ***** Finished verify_loginDDT ******
17:36:44.373 [main] INFO  testCases.TC003_LoginDataDrivenTest - ***** Starting verify_loginDDT ******
17:36:47.810 [main] INFO  testCases.TC003_LoginDataDrivenTest - ***** Finished verify_loginDDT ******
17:36:47.822 [main] INFO  testCases.TC003_LoginDataDrivenTest - ***** Starting verify_loginDDT ******
17:37:00.179 [main] INFO  testCases.TC003_LoginDataDrivenTest - ***** Starting verify_loginDDT ******
17:37:11.612 [main] INFO  testCases.TC003_LoginDataDrivenTest - ***** Finished verify_loginDDT ******
18:24:04.650 [main] DEBUG org.testng.TestNG - suiteXmlPath: "C:\Eclipse BackUp1\MyWorkSpace\Anil121\grouping.xml"
18:24:05.033 [main] INFO  org.testng.internal.Utils - [TestNG] Running:
  C:\Eclipse BackUp1\MyWorkSpace\Anil121\grouping.xml

18:24:07.891 [main] INFO  testCases.TC001_AccountRegistrationTest - ***** Starting TC001_AccountRegistrationTest *****
18:24:08.756 [main] INFO  testCases.TC001_AccountRegistrationTest - Clicked on My Account link
18:24:09.551 [main] INFO  testCases.TC001_AccountRegistrationTest - Clicked on Register link
18:24:09.554 [main] INFO  testCases.TC001_AccountRegistrationTest - Providing Customer Details......
18:24:13.222 [main] INFO  testCases.TC001_AccountRegistrationTest - Validating Expected message....
18:24:13.267 [main] INFO  testCases.TC001_AccountRegistrationTest - ***** Finished TC001_AccountRegistrationTest *****
18:24:15.423 [main] INFO  testCases.TC002_LoginTest - ***** Starting TC002_LoginTest *****
18:24:17.530 [main] INFO  testCases.TC002_LoginTest - ***** Finished TC002_LoginTest *****
18:25:07.468 [main] DEBUG org.testng.TestNG - suiteXmlPath: "C:\Eclipse BackUp1\MyWorkSpace\Anil121\grouping.xml"
18:25:07.905 [main] INFO  org.testng.internal.Utils - [TestNG] Running:
  C:\Eclipse BackUp1\MyWorkSpace\Anil121\grouping.xml

18:25:11.339 [main] INFO  testCases.TC001_AccountRegistrationTest - ***** Starting TC001_AccountRegistrationTest *****
18:25:12.165 [main] INFO  testCases.TC001_AccountRegistrationTest - Clicked on My Account link
18:25:12.666 [main] INFO  testCases.TC001_AccountRegistrationTest - Clicked on Register link
18:25:12.669 [main] INFO  testCases.TC001_AccountRegistrationTest - Providing Customer Details......
18:25:15.940 [main] INFO  testCases.TC001_AccountRegistrationTest - Validating Expected message....
18:25:15.991 [main] INFO  testCases.TC001_AccountRegistrationTest - ***** Finished TC001_AccountRegistrationTest *****
18:26:36.045 [main] DEBUG org.testng.TestNG - suiteXmlPath: "C:\Eclipse BackUp1\MyWorkSpace\Anil121\grouping.xml"
18:26:36.979 [main] INFO  org.testng.internal.Utils - [TestNG] Running:
  C:\Eclipse BackUp1\MyWorkSpace\Anil121\grouping.xml

18:26:42.058 [main] INFO  testCases.TC002_LoginTest - ***** Starting TC002_LoginTest *****
18:26:46.469 [main] INFO  testCases.TC002_LoginTest - ***** Finished TC002_LoginTest *****
00:01:45.657 [main] DEBUG org.testng.TestNG - suiteXmlPath: "C:\Eclipse BackUp1\MyWorkSpace\Anil121\grouping.xml"
00:04:33.607 [main] DEBUG org.testng.TestNG - suiteXmlPath: "C:\Eclipse BackUp1\MyWorkSpace\Anil121\grouping.xml"
00:04:33.976 [main] INFO  org.testng.internal.Utils - [TestNG] Running:
  C:\Eclipse BackUp1\MyWorkSpace\Anil121\grouping.xml

00:04:43.502 [main] INFO  testCases.TC001_AccountRegistrationTest - ***** Starting TC001_AccountRegistrationTest *****
00:04:44.170 [main] INFO  testCases.TC001_AccountRegistrationTest - Clicked on My Account link
00:04:45.036 [main] INFO  testCases.TC001_AccountRegistrationTest - Clicked on Register link
00:04:45.039 [main] INFO  testCases.TC001_AccountRegistrationTest - Providing Customer Details......
00:04:48.460 [main] INFO  testCases.TC001_AccountRegistrationTest - Validating Expected message....
00:04:48.500 [main] INFO  testCases.TC001_AccountRegistrationTest - ***** Finished TC001_AccountRegistrationTest *****
00:05:52.245 [main] DEBUG org.testng.TestNG - suiteXmlPath: "C:\Eclipse BackUp1\MyWorkSpace\Anil121\grouping.xml"
00:05:52.557 [main] INFO  org.testng.internal.Utils - [TestNG] Running:
  C:\Eclipse BackUp1\MyWorkSpace\Anil121\grouping.xml

00:05:55.491 [main] INFO  testCases.TC001_AccountRegistrationTest - ***** Starting TC001_AccountRegistrationTest *****
00:05:56.096 [main] INFO  testCases.TC001_AccountRegistrationTest - Clicked on My Account link
00:05:56.493 [main] INFO  testCases.TC001_AccountRegistrationTest - Clicked on Register link
00:05:56.500 [main] INFO  testCases.TC001_AccountRegistrationTest - Providing Customer Details......
00:05:59.653 [main] INFO  testCases.TC001_AccountRegistrationTest - Validating Expected message....
00:05:59.699 [main] INFO  testCases.TC001_AccountRegistrationTest - ***** Finished TC001_AccountRegistrationTest *****
00:06:01.868 [main] INFO  testCases.TC002_LoginTest - ***** Starting TC002_LoginTest *****
00:06:04.060 [main] INFO  testCases.TC002_LoginTest - ***** Finished TC002_LoginTest *****
00:08:15.625 [main] DEBUG org.testng.TestNG - suiteXmlPath: "C:\Eclipse BackUp1\MyWorkSpace\Anil121\grouping.xml"
00:08:15.940 [main] INFO  org.testng.internal.Utils - [TestNG] Running:
  C:\Eclipse BackUp1\MyWorkSpace\Anil121\grouping.xml

00:08:19.174 [main] INFO  testCases.TC001_AccountRegistrationTest - ***** Starting TC001_AccountRegistrationTest *****
00:08:19.548 [main] INFO  testCases.TC001_AccountRegistrationTest - Clicked on My Account link
00:08:19.984 [main] INFO  testCases.TC001_AccountRegistrationTest - Clicked on Register link
00:08:19.988 [main] INFO  testCases.TC001_AccountRegistrationTest - Providing Customer Details......
00:08:23.204 [main] INFO  testCases.TC001_AccountRegistrationTest - Validating Expected message....
00:08:23.241 [main] INFO  testCases.TC001_AccountRegistrationTest - ***** Finished TC001_AccountRegistrationTest *****
00:08:25.585 [main] INFO  testCases.TC002_LoginTest - ***** Starting TC002_LoginTest *****
00:08:27.450 [main] INFO  testCases.TC002_LoginTest - ***** Finished TC002_LoginTest *****
00:09:23.330 [main] DEBUG org.testng.TestNG - suiteXmlPath: "C:\Eclipse BackUp1\MyWorkSpace\Anil121\grouping.xml"
00:09:23.671 [main] INFO  org.testng.internal.Utils - [TestNG] Running:
  C:\Eclipse BackUp1\MyWorkSpace\Anil121\grouping.xml

00:09:26.796 [main] INFO  testCases.TC001_AccountRegistrationTest - ***** Starting TC001_AccountRegistrationTest *****
00:09:26.939 [main] INFO  testCases.TC001_AccountRegistrationTest - Clicked on My Account link
00:09:27.319 [main] INFO  testCases.TC001_AccountRegistrationTest - Clicked on Register link
00:09:27.323 [main] INFO  testCases.TC001_AccountRegistrationTest - Providing Customer Details......
00:09:30.578 [main] INFO  testCases.TC001_AccountRegistrationTest - Validating Expected message....
00:09:30.626 [main] INFO  testCases.TC001_AccountRegistrationTest - ***** Finished TC001_AccountRegistrationTest *****
00:09:33.199 [main] INFO  testCases.TC002_LoginTest - ***** Starting TC002_LoginTest *****
00:10:57.370 [main] DEBUG org.testng.TestNG - suiteXmlPath: "C:\Eclipse BackUp1\MyWorkSpace\Anil121\grouping.xml"
00:10:57.725 [main] INFO  org.testng.internal.Utils - [TestNG] Running:
  C:\Eclipse BackUp1\MyWorkSpace\Anil121\grouping.xml

00:11:01.101 [main] INFO  testCases.TC001_AccountRegistrationTest - ***** Starting TC001_AccountRegistrationTest *****
00:11:01.657 [main] INFO  testCases.TC001_AccountRegistrationTest - Clicked on My Account link
00:11:02.085 [main] INFO  testCases.TC001_AccountRegistrationTest - Clicked on Register link
00:11:02.088 [main] INFO  testCases.TC001_AccountRegistrationTest - Providing Customer Details......
00:11:05.319 [main] INFO  testCases.TC001_AccountRegistrationTest - Validating Expected message....
00:11:05.373 [main] INFO  testCases.TC001_AccountRegistrationTest - ***** Finished TC001_AccountRegistrationTest *****
00:11:07.859 [main] INFO  testCases.TC002_LoginTest - ***** Starting TC002_LoginTest *****
00:12:34.564 [main] DEBUG org.testng.TestNG - suiteXmlPath: "C:\Eclipse BackUp1\MyWorkSpace\Anil121\grouping.xml"
00:12:34.580 [main] WARN  org.testng.xml.TestNGContentHandler - It is strongly recommended to add "<!DOCTYPE suite SYSTEM "https://testng.org/testng-1.1.dtd" >" at the top of the suite file [C:\Eclipse BackUp1\MyWorkSpace\Anil121\grouping.xml] otherwise TestNG may fail or not work as expected.
00:13:00.867 [main] DEBUG org.testng.TestNG - suiteXmlPath: "C:\Eclipse BackUp1\MyWorkSpace\Anil121\grouping.xml"
00:13:01.187 [main] INFO  org.testng.internal.Utils - [TestNG] Running:
  C:\Eclipse BackUp1\MyWorkSpace\Anil121\grouping.xml

00:13:04.368 [main] INFO  testCases.TC001_AccountRegistrationTest - ***** Starting TC001_AccountRegistrationTest *****
00:13:04.870 [main] INFO  testCases.TC001_AccountRegistrationTest - Clicked on My Account link
00:13:05.377 [main] INFO  testCases.TC001_AccountRegistrationTest - Clicked on Register link
00:13:05.380 [main] INFO  testCases.TC001_AccountRegistrationTest - Providing Customer Details......
00:13:08.551 [main] INFO  testCases.TC001_AccountRegistrationTest - Validating Expected message....
00:13:08.596 [main] ERROR testCases.TC001_AccountRegistrationTest - Test Failed....
00:13:08.596 [main] DEBUG testCases.TC001_AccountRegistrationTest - Debug logs....
00:13:10.858 [main] INFO  testCases.TC002_LoginTest - ***** Starting TC002_LoginTest *****
00:14:38.438 [main] DEBUG org.testng.TestNG - suiteXmlPath: "C:\Eclipse BackUp1\MyWorkSpace\Anil121\grouping.xml"
00:14:38.891 [main] INFO  org.testng.internal.Utils - [TestNG] Running:
  C:\Eclipse BackUp1\MyWorkSpace\Anil121\grouping.xml

00:14:42.449 [main] INFO  testCases.TC001_AccountRegistrationTest - ***** Starting TC001_AccountRegistrationTest *****
00:14:42.613 [main] INFO  testCases.TC001_AccountRegistrationTest - Clicked on My Account link
00:14:43.037 [main] INFO  testCases.TC001_AccountRegistrationTest - Clicked on Register link
00:14:43.042 [main] INFO  testCases.TC001_AccountRegistrationTest - Providing Customer Details......
00:14:46.122 [main] INFO  testCases.TC001_AccountRegistrationTest - Validating Expected message....
00:14:46.183 [main] INFO  testCases.TC001_AccountRegistrationTest - ***** Finished TC001_AccountRegistrationTest *****
00:14:48.462 [main] INFO  testCases.TC002_LoginTest - ***** Starting TC002_LoginTest *****
00:17:18.192 [main] DEBUG org.testng.TestNG - suiteXmlPath: "C:\Eclipse BackUp1\MyWorkSpace\Anil121\grouping.xml"
00:17:18.510 [main] INFO  org.testng.internal.Utils - [TestNG] Running:
  C:\Eclipse BackUp1\MyWorkSpace\Anil121\grouping.xml

00:17:21.865 [main] INFO  testCases.TC001_AccountRegistrationTest - ***** Starting TC001_AccountRegistrationTest *****
00:17:22.004 [main] INFO  testCases.TC001_AccountRegistrationTest - Clicked on My Account link
00:17:22.475 [main] INFO  testCases.TC001_AccountRegistrationTest - Clicked on Register link
00:17:22.478 [main] INFO  testCases.TC001_AccountRegistrationTest - Providing Customer Details......
00:17:25.722 [main] INFO  testCases.TC001_AccountRegistrationTest - Validating Expected message....
00:17:25.780 [main] INFO  testCases.TC001_AccountRegistrationTest - ***** Finished TC001_AccountRegistrationTest *****
00:17:28.618 [main] INFO  testCases.TC002_LoginTest - ***** Starting TC002_LoginTest *****
00:17:29.863 [main] INFO  testCases.TC002_LoginTest - ***** Finished TC002_LoginTest *****
00:21:06.119 [main] DEBUG org.testng.TestNG - suiteXmlPath: "C:\Eclipse BackUp1\MyWorkSpace\Anil121\grouping.xml"
00:21:06.437 [main] INFO  org.testng.internal.Utils - [TestNG] Running:
  C:\Eclipse BackUp1\MyWorkSpace\Anil121\grouping.xml

00:21:09.618 [main] INFO  testCases.TC001_AccountRegistrationTest - ***** Starting TC001_AccountRegistrationTest *****
00:21:09.978 [main] INFO  testCases.TC001_AccountRegistrationTest - Clicked on My Account link
00:21:10.488 [main] INFO  testCases.TC001_AccountRegistrationTest - Clicked on Register link
00:21:10.492 [main] INFO  testCases.TC001_AccountRegistrationTest - Providing Customer Details......
00:21:13.726 [main] INFO  testCases.TC001_AccountRegistrationTest - Validating Expected message....
00:21:13.765 [main] INFO  testCases.TC001_AccountRegistrationTest - ***** Finished TC001_AccountRegistrationTest *****
00:21:15.939 [main] INFO  testCases.TC002_LoginTest - ***** Starting TC002_LoginTest *****
00:22:47.187 [main] DEBUG org.testng.TestNG - suiteXmlPath: "C:\Eclipse BackUp1\MyWorkSpace\Anil121\test-output\testng-failed.xml"
00:22:47.504 [main] INFO  org.testng.internal.Utils - [TestNG] Running:
  C:\Eclipse BackUp1\MyWorkSpace\Anil121\test-output\testng-failed.xml

00:22:50.787 [main] INFO  testCases.TC002_LoginTest - ***** Starting TC002_LoginTest *****
00:22:52.485 [main] INFO  testCases.TC002_LoginTest - ***** Finished TC002_LoginTest *****
00:26:17.477 [main] DEBUG org.testng.TestNG - suiteXmlPath: "C:\Eclipse BackUp1\MyWorkSpace\Anil121\master.xml"
00:26:17.815 [main] INFO  org.testng.internal.Utils - [TestNG] Running:
  C:\Eclipse BackUp1\MyWorkSpace\Anil121\master.xml

00:26:21.574 [main] INFO  testCases.TC001_AccountRegistrationTest - ***** Starting TC001_AccountRegistrationTest *****
00:26:21.969 [main] INFO  testCases.TC001_AccountRegistrationTest - Clicked on My Account link
00:26:22.340 [main] INFO  testCases.TC001_AccountRegistrationTest - Clicked on Register link
00:26:22.342 [main] INFO  testCases.TC001_AccountRegistrationTest - Providing Customer Details......
00:26:25.481 [main] INFO  testCases.TC001_AccountRegistrationTest - Validating Expected message....
00:26:25.518 [main] ERROR testCases.TC001_AccountRegistrationTest - Test Failed....
00:26:25.518 [main] DEBUG testCases.TC001_AccountRegistrationTest - Debug logs....
00:26:28.526 [main] INFO  testCases.TC002_LoginTest - ***** Starting TC002_LoginTest *****
00:26:29.793 [main] INFO  testCases.TC002_LoginTest - ***** Finished TC002_LoginTest *****
00:27:44.775 [main] DEBUG org.testng.TestNG - suiteXmlPath: "C:\Eclipse BackUp1\MyWorkSpace\Anil121\master.xml"
00:27:45.176 [main] INFO  org.testng.internal.Utils - [TestNG] Running:
  C:\Eclipse BackUp1\MyWorkSpace\Anil121\master.xml

00:27:48.848 [main] INFO  testCases.TC001_AccountRegistrationTest - ***** Starting TC001_AccountRegistrationTest *****
00:27:49.425 [main] INFO  testCases.TC001_AccountRegistrationTest - Clicked on My Account link
00:27:49.880 [main] INFO  testCases.TC001_AccountRegistrationTest - Clicked on Register link
00:27:49.885 [main] INFO  testCases.TC001_AccountRegistrationTest - Providing Customer Details......
00:27:52.961 [main] INFO  testCases.TC001_AccountRegistrationTest - Validating Expected message....
00:27:53.012 [main] ERROR testCases.TC001_AccountRegistrationTest - Test Failed....
00:27:53.012 [main] DEBUG testCases.TC001_AccountRegistrationTest - Debug logs....
00:27:55.702 [main] INFO  testCases.TC002_LoginTest - ***** Starting TC002_LoginTest *****
00:28:55.939 [main] DEBUG org.testng.TestNG - suiteXmlPath: "C:\Eclipse BackUp1\MyWorkSpace\Anil121\master.xml"
00:28:56.376 [main] INFO  org.testng.internal.Utils - [TestNG] Running:
  C:\Eclipse BackUp1\MyWorkSpace\Anil121\master.xml

00:28:59.906 [main] INFO  testCases.TC001_AccountRegistrationTest - ***** Starting TC001_AccountRegistrationTest *****
00:29:00.546 [main] INFO  testCases.TC001_AccountRegistrationTest - Clicked on My Account link
00:29:01.092 [main] INFO  testCases.TC001_AccountRegistrationTest - Clicked on Register link
00:29:01.097 [main] INFO  testCases.TC001_AccountRegistrationTest - Providing Customer Details......
00:29:04.355 [main] INFO  testCases.TC001_AccountRegistrationTest - Validating Expected message....
00:29:04.399 [main] INFO  testCases.TC001_AccountRegistrationTest - ***** Finished TC001_AccountRegistrationTest *****
00:29:06.978 [main] INFO  testCases.TC002_LoginTest - ***** Starting TC002_LoginTest *****
00:29:08.155 [main] INFO  testCases.TC002_LoginTest - ***** Finished TC002_LoginTest *****
18:40:27.797 [main] DEBUG org.testng.TestNG - suiteXmlPath: "C:\Eclipse BackUp1\MyWorkSpace\Anil121\master.xml"
18:40:28.185 [main] INFO  org.testng.internal.Utils - [TestNG] Running:
  C:\Eclipse BackUp1\MyWorkSpace\Anil121\master.xml

18:40:48.167 [main] DEBUG org.testng.TestNG - suiteXmlPath: "C:\Eclipse BackUp1\MyWorkSpace\Anil121\master.xml"
18:40:48.499 [main] INFO  org.testng.internal.Utils - [TestNG] Running:
  C:\Eclipse BackUp1\MyWorkSpace\Anil121\master.xml

18:41:35.839 [main] DEBUG org.testng.TestNG - suiteXmlPath: "C:\Eclipse BackUp1\MyWorkSpace\Anil121\master.xml"
18:41:36.143 [main] INFO  org.testng.internal.Utils - [TestNG] Running:
  C:\Eclipse BackUp1\MyWorkSpace\Anil121\master.xml

18:43:20.011 [main] DEBUG org.testng.TestNG - suiteXmlPath: "C:\Eclipse BackUp1\MyWorkSpace\Anil121\master.xml"
18:43:20.330 [main] INFO  org.testng.internal.Utils - [TestNG] Running:
  C:\Eclipse BackUp1\MyWorkSpace\Anil121\master.xml

18:43:27.610 [main] INFO  testCases.TC001_AccountRegistrationTest - ***** Starting TC001_AccountRegistrationTest *****
18:43:28.549 [main] INFO  testCases.TC001_AccountRegistrationTest - Clicked on My Account link
18:43:29.476 [main] INFO  testCases.TC001_AccountRegistrationTest - Clicked on Register link
18:43:29.497 [main] INFO  testCases.TC001_AccountRegistrationTest - Providing Customer Details......
18:43:33.176 [main] INFO  testCases.TC001_AccountRegistrationTest - Validating Expected message....
18:43:33.216 [main] INFO  testCases.TC001_AccountRegistrationTest - ***** Finished TC001_AccountRegistrationTest *****
18:43:35.784 [main] INFO  testCases.TC002_LoginTest - ***** Starting TC002_LoginTest *****
18:43:37.820 [main] INFO  testCases.TC002_LoginTest - ***** Finished TC002_LoginTest *****
18:45:45.748 [main] DEBUG org.testng.TestNG - suiteXmlPath: "C:\Eclipse BackUp1\MyWorkSpace\Anil121\master.xml"
18:45:46.053 [main] INFO  org.testng.internal.Utils - [TestNG] Running:
  C:\Eclipse BackUp1\MyWorkSpace\Anil121\master.xml

18:45:49.950 [main] INFO  testCases.TC001_AccountRegistrationTest - ***** Starting TC001_AccountRegistrationTest *****
18:45:50.561 [main] INFO  testCases.TC001_AccountRegistrationTest - Clicked on My Account link
18:45:51.022 [main] INFO  testCases.TC001_AccountRegistrationTest - Clicked on Register link
18:45:51.027 [main] INFO  testCases.TC001_AccountRegistrationTest - Providing Customer Details......
18:45:54.384 [main] INFO  testCases.TC001_AccountRegistrationTest - Validating Expected message....
18:45:54.431 [main] INFO  testCases.TC001_AccountRegistrationTest - ***** Finished TC001_AccountRegistrationTest *****
18:45:57.383 [main] INFO  testCases.TC002_LoginTest - ***** Starting TC002_LoginTest *****
18:45:58.520 [main] INFO  testCases.TC002_LoginTest - ***** Finished TC002_LoginTest *****
18:48:59.560 [main] DEBUG org.testng.TestNG - suiteXmlPath: "C:\Eclipse BackUp1\MyWorkSpace\Anil121\crossbrowser_paralleltesting.xml"
18:48:59.904 [main] INFO  org.testng.internal.Utils - [TestNG] Running:
  C:\Eclipse BackUp1\MyWorkSpace\Anil121\crossbrowser_paralleltesting.xml

18:49:00.303 [TestNG-tests-2] INFO  testCases.TC001_AccountRegistrationTest - ***** Starting TC001_AccountRegistrationTest *****
18:49:04.005 [TestNG-tests-1] INFO  testCases.TC001_AccountRegistrationTest - ***** Starting TC001_AccountRegistrationTest *****
18:49:04.587 [TestNG-tests-1] INFO  testCases.TC001_AccountRegistrationTest - Clicked on My Account link
18:49:05.075 [TestNG-tests-1] INFO  testCases.TC001_AccountRegistrationTest - Clicked on Register link
18:49:05.078 [TestNG-tests-1] INFO  testCases.TC001_AccountRegistrationTest - Providing Customer Details......
18:49:08.304 [TestNG-tests-1] INFO  testCases.TC001_AccountRegistrationTest - Validating Expected message....
18:49:08.372 [TestNG-tests-1] INFO  testCases.TC001_AccountRegistrationTest - ***** Finished TC001_AccountRegistrationTest *****
18:51:11.618 [main] DEBUG org.testng.TestNG - suiteXmlPath: "C:\Eclipse BackUp1\MyWorkSpace\Anil121\crossbrowser_paralleltesting.xml"
18:51:11.991 [main] INFO  org.testng.internal.Utils - [TestNG] Running:
  C:\Eclipse BackUp1\MyWorkSpace\Anil121\crossbrowser_paralleltesting.xml

18:51:12.490 [TestNG-tests-2] INFO  testCases.TC001_AccountRegistrationTest - ***** Starting TC001_AccountRegistrationTest *****
18:51:17.074 [TestNG-tests-1] INFO  testCases.TC001_AccountRegistrationTest - ***** Starting TC001_AccountRegistrationTest *****
18:51:17.610 [TestNG-tests-1] INFO  testCases.TC001_AccountRegistrationTest - Clicked on My Account link
18:51:18.346 [TestNG-tests-1] INFO  testCases.TC001_AccountRegistrationTest - Clicked on Register link
18:51:18.350 [TestNG-tests-1] INFO  testCases.TC001_AccountRegistrationTest - Providing Customer Details......
18:51:22.298 [TestNG-tests-1] INFO  testCases.TC001_AccountRegistrationTest - Validating Expected message....
18:51:22.382 [TestNG-tests-1] INFO  testCases.TC001_AccountRegistrationTest - ***** Finished TC001_AccountRegistrationTest *****
19:00:20.602 [main] DEBUG org.testng.TestNG - suiteXmlPath: "C:\Eclipse BackUp1\MyWorkSpace\Anil121\crossbrowser_paralleltesting.xml"
19:00:21.230 [main] INFO  org.testng.internal.Utils - [TestNG] Running:
  C:\Eclipse BackUp1\MyWorkSpace\Anil121\crossbrowser_paralleltesting.xml

19:00:26.828 [TestNG-tests-1] INFO  testCases.TC001_AccountRegistrationTest - ***** Starting TC001_AccountRegistrationTest *****
19:00:29.003 [TestNG-tests-1] INFO  testCases.TC001_AccountRegistrationTest - Clicked on My Account link
19:00:31.031 [TestNG-tests-1] INFO  testCases.TC001_AccountRegistrationTest - Clicked on Register link
19:00:31.037 [TestNG-tests-1] INFO  testCases.TC001_AccountRegistrationTest - Providing Customer Details......
19:00:35.768 [TestNG-tests-1] INFO  testCases.TC001_AccountRegistrationTest - Validating Expected message....
19:00:35.898 [TestNG-tests-1] INFO  testCases.TC001_AccountRegistrationTest - ***** Finished TC001_AccountRegistrationTest *****
19:02:07.168 [main] DEBUG org.testng.TestNG - suiteXmlPath: "C:\Eclipse BackUp1\MyWorkSpace\Anil121\crossbrowser_paralleltesting.xml"
19:02:07.847 [main] INFO  org.testng.internal.Utils - [TestNG] Running:
  C:\Eclipse BackUp1\MyWorkSpace\Anil121\crossbrowser_paralleltesting.xml

19:02:17.368 [TestNG-tests-3] INFO  testCases.TC001_AccountRegistrationTest - ***** Starting TC001_AccountRegistrationTest *****
19:02:17.368 [TestNG-tests-1] INFO  testCases.TC001_AccountRegistrationTest - ***** Starting TC001_AccountRegistrationTest *****
19:02:17.825 [TestNG-tests-3] INFO  testCases.TC001_AccountRegistrationTest - Clicked on My Account link
19:02:18.073 [TestNG-tests-1] INFO  testCases.TC001_AccountRegistrationTest - Clicked on My Account link
19:02:23.261 [TestNG-tests-2] INFO  testCases.TC001_AccountRegistrationTest - ***** Starting TC001_AccountRegistrationTest *****
19:02:23.520 [TestNG-tests-2] INFO  testCases.TC001_AccountRegistrationTest - Clicked on My Account link
19:02:24.908 [TestNG-tests-2] INFO  testCases.TC001_AccountRegistrationTest - Clicked on Register link
19:02:24.920 [TestNG-tests-2] INFO  testCases.TC001_AccountRegistrationTest - Providing Customer Details......
19:02:29.381 [TestNG-tests-2] INFO  testCases.TC001_AccountRegistrationTest - Validating Expected message....
19:02:29.738 [TestNG-tests-2] INFO  testCases.TC001_AccountRegistrationTest - ***** Finished TC001_AccountRegistrationTest *****
20:35:52.649 [main] DEBUG org.testng.TestNG - suiteXmlPath: "C:\Eclipse BackUp1\MyWorkSpace\Anil121\master.xml"
20:35:53.270 [main] INFO  org.testng.internal.Utils - [TestNG] Running:
  C:\Eclipse BackUp1\MyWorkSpace\Anil121\master.xml

20:36:27.288 [main] INFO  testCases.TC001_AccountRegistrationTest - ***** Starting TC001_AccountRegistrationTest *****
20:36:27.891 [main] INFO  testCases.TC001_AccountRegistrationTest - Clicked on My Account link
20:36:28.566 [main] INFO  testCases.TC001_AccountRegistrationTest - Clicked on Register link
20:36:28.572 [main] INFO  testCases.TC001_AccountRegistrationTest - Providing Customer Details......
20:36:32.110 [main] INFO  testCases.TC001_AccountRegistrationTest - Validating Expected message....
20:36:32.205 [main] INFO  testCases.TC001_AccountRegistrationTest - ***** Finished TC001_AccountRegistrationTest *****
20:36:36.261 [main] INFO  testCases.TC002_LoginTest - ***** Starting TC002_LoginTest *****
21:12:32.477 [main] DEBUG org.testng.TestNG - suiteXmlPath: "C:\Eclipse BackUp1\MyWorkSpace\Anil121\grid-docker.xml"
21:12:33.460 [main] INFO  org.testng.internal.Utils - [TestNG] Running:
  C:\Eclipse BackUp1\MyWorkSpace\Anil121\grid-docker.xml

21:13:13.595 [main] INFO  testCases.TC001_AccountRegistrationTest - ***** Starting TC001_AccountRegistrationTest *****
21:13:14.197 [main] INFO  testCases.TC001_AccountRegistrationTest - Clicked on My Account link
21:13:16.291 [main] INFO  testCases.TC001_AccountRegistrationTest - Clicked on Register link
21:13:16.322 [main] INFO  testCases.TC001_AccountRegistrationTest - Providing Customer Details......
21:13:22.591 [main] INFO  testCases.TC001_AccountRegistrationTest - Validating Expected message....
21:13:22.717 [main] INFO  testCases.TC001_AccountRegistrationTest - ***** Finished TC001_AccountRegistrationTest *****
21:13:27.316 [main] INFO  testCases.TC002_LoginTest - ***** Starting TC002_LoginTest *****
21:15:03.827 [main] DEBUG org.testng.TestNG - suiteXmlPath: "C:\Eclipse BackUp1\MyWorkSpace\Anil121\grid-docker.xml"
21:15:04.265 [main] INFO  org.testng.internal.Utils - [TestNG] Running:
  C:\Eclipse BackUp1\MyWorkSpace\Anil121\grid-docker.xml

21:17:43.544 [main] DEBUG org.testng.TestNG - suiteXmlPath: "C:\Eclipse BackUp1\MyWorkSpace\Anil121\grid-docker.xml"
21:17:44.187 [main] INFO  org.testng.internal.Utils - [TestNG] Running:
  C:\Eclipse BackUp1\MyWorkSpace\Anil121\grid-docker.xml

21:19:45.919 [main] DEBUG org.testng.TestNG - suiteXmlPath: "C:\Eclipse BackUp1\MyWorkSpace\Anil121\grid-docker.xml"
21:19:46.316 [main] INFO  org.testng.internal.Utils - [TestNG] Running:
  C:\Eclipse BackUp1\MyWorkSpace\Anil121\grid-docker.xml

21:20:54.340 [main] DEBUG org.testng.TestNG - suiteXmlPath: "C:\Eclipse BackUp1\MyWorkSpace\Anil121\grid-docker.xml"
21:20:54.930 [main] INFO  org.testng.internal.Utils - [TestNG] Running:
  C:\Eclipse BackUp1\MyWorkSpace\Anil121\grid-docker.xml

21:27:11.058 [main] DEBUG org.testng.TestNG - suiteXmlPath: "C:\Eclipse BackUp1\MyWorkSpace\Anil121\grid-docker.xml"
21:27:11.417 [main] INFO  org.testng.internal.Utils - [TestNG] Running:
  C:\Eclipse BackUp1\MyWorkSpace\Anil121\grid-docker.xml

21:33:18.566 [main] DEBUG org.testng.TestNG - suiteXmlPath: "C:\Eclipse BackUp1\MyWorkSpace\Anil121\grid-docker.xml"
21:33:18.944 [main] INFO  org.testng.internal.Utils - [TestNG] Running:
  C:\Eclipse BackUp1\MyWorkSpace\Anil121\grid-docker.xml

21:33:19.291 [main] INFO  testCases.TC001_AccountRegistrationTest - ***** Starting TC001_AccountRegistrationTest *****
21:33:19.363 [main] INFO  testCases.TC002_LoginTest - ***** Starting TC002_LoginTest *****
21:34:07.895 [main] DEBUG org.testng.TestNG - suiteXmlPath: "C:\Eclipse BackUp1\MyWorkSpace\Anil121\grid-docker.xml"
21:34:08.268 [main] INFO  org.testng.internal.Utils - [TestNG] Running:
  C:\Eclipse BackUp1\MyWorkSpace\Anil121\grid-docker.xml

21:41:38.344 [main] DEBUG org.testng.TestNG - suiteXmlPath: "C:\Eclipse BackUp1\MyWorkSpace\Anil121\grid-docker.xml"
21:41:38.754 [main] INFO  org.testng.internal.Utils - [TestNG] Running:
  C:\Eclipse BackUp1\MyWorkSpace\Anil121\grid-docker.xml

21:42:55.798 [main] DEBUG org.testng.TestNG - suiteXmlPath: "C:\Eclipse BackUp1\MyWorkSpace\Anil121\grid-docker.xml"
21:42:56.148 [main] INFO  org.testng.internal.Utils - [TestNG] Running:
  C:\Eclipse BackUp1\MyWorkSpace\Anil121\grid-docker.xml

21:43:10.297 [main] INFO  testCases.TC001_AccountRegistrationTest - ***** Starting TC001_AccountRegistrationTest *****
21:43:10.515 [main] INFO  testCases.TC001_AccountRegistrationTest - Clicked on My Account link
21:43:11.037 [main] INFO  testCases.TC001_AccountRegistrationTest - Clicked on Register link
21:43:11.042 [main] INFO  testCases.TC001_AccountRegistrationTest - Providing Customer Details......
21:43:14.352 [main] INFO  testCases.TC001_AccountRegistrationTest - Validating Expected message....
21:43:14.390 [main] INFO  testCases.TC001_AccountRegistrationTest - ***** Finished TC001_AccountRegistrationTest *****
21:43:36.250 [main] INFO  testCases.TC002_LoginTest - ***** Starting TC002_LoginTest *****
21:45:05.762 [main] DEBUG org.testng.TestNG - suiteXmlPath: "C:\Eclipse BackUp1\MyWorkSpace\Anil121\grid-docker.xml"
21:45:06.158 [main] INFO  org.testng.internal.Utils - [TestNG] Running:
  C:\Eclipse BackUp1\MyWorkSpace\Anil121\grid-docker.xml

21:45:12.835 [main] INFO  testCases.TC001_AccountRegistrationTest - ***** Starting TC001_AccountRegistrationTest *****
21:45:13.013 [main] INFO  testCases.TC001_AccountRegistrationTest - Clicked on My Account link
21:45:13.437 [main] INFO  testCases.TC001_AccountRegistrationTest - Clicked on Register link
21:45:13.441 [main] INFO  testCases.TC001_AccountRegistrationTest - Providing Customer Details......
21:45:16.795 [main] INFO  testCases.TC001_AccountRegistrationTest - Validating Expected message....
21:45:16.837 [main] INFO  testCases.TC001_AccountRegistrationTest - ***** Finished TC001_AccountRegistrationTest *****
21:45:26.643 [main] INFO  testCases.TC002_LoginTest - ***** Starting TC002_LoginTest *****
21:45:28.475 [main] INFO  testCases.TC002_LoginTest - ***** Finished TC002_LoginTest *****
21:45:41.349 [main] DEBUG org.testng.TestNG - suiteXmlPath: "C:\Eclipse BackUp1\MyWorkSpace\Anil121\grid-docker.xml"
21:45:41.720 [main] INFO  org.testng.internal.Utils - [TestNG] Running:
  C:\Eclipse BackUp1\MyWorkSpace\Anil121\grid-docker.xml

21:45:50.213 [main] INFO  testCases.TC001_AccountRegistrationTest - ***** Starting TC001_AccountRegistrationTest *****
21:45:50.403 [main] INFO  testCases.TC001_AccountRegistrationTest - Clicked on My Account link
21:45:50.833 [main] INFO  testCases.TC001_AccountRegistrationTest - Clicked on Register link
21:45:50.842 [main] INFO  testCases.TC001_AccountRegistrationTest - Providing Customer Details......
21:45:54.098 [main] INFO  testCases.TC001_AccountRegistrationTest - Validating Expected message....
21:45:54.145 [main] INFO  testCases.TC001_AccountRegistrationTest - ***** Finished TC001_AccountRegistrationTest *****
21:46:02.371 [main] INFO  testCases.TC002_LoginTest - ***** Starting TC002_LoginTest *****
21:46:03.961 [main] INFO  testCases.TC002_LoginTest - ***** Finished TC002_LoginTest *****
21:47:46.246 [main] DEBUG org.testng.TestNG - suiteXmlPath: "C:\Eclipse BackUp1\MyWorkSpace\Anil121\grid-docker.xml"
21:47:46.638 [main] INFO  org.testng.internal.Utils - [TestNG] Running:
  C:\Eclipse BackUp1\MyWorkSpace\Anil121\grid-docker.xml

21:54:54.279 [main] DEBUG org.testng.TestNG - suiteXmlPath: "C:\Eclipse BackUp1\MyWorkSpace\Anil121\grid-docker.xml"
21:54:54.638 [main] INFO  org.testng.internal.Utils - [TestNG] Running:
  C:\Eclipse BackUp1\MyWorkSpace\Anil121\grid-docker.xml

21:59:01.776 [main] DEBUG org.testng.TestNG - suiteXmlPath: "C:\Eclipse BackUp1\MyWorkSpace\Anil121\grid-docker.xml"
21:59:02.151 [main] INFO  org.testng.internal.Utils - [TestNG] Running:
  C:\Eclipse BackUp1\MyWorkSpace\Anil121\grid-docker.xml

22:06:58.049 [main] DEBUG org.testng.TestNG - suiteXmlPath: "C:\Eclipse BackUp1\MyWorkSpace\Anil121\grid-docker.xml"
22:06:58.414 [main] INFO  org.testng.internal.Utils - [TestNG] Running:
  C:\Eclipse BackUp1\MyWorkSpace\Anil121\grid-docker.xml

22:08:38.681 [main] DEBUG org.testng.TestNG - suiteXmlPath: "C:\Eclipse BackUp1\MyWorkSpace\Anil121\grid-docker.xml"
22:08:39.025 [main] INFO  org.testng.internal.Utils - [TestNG] Running:
  C:\Eclipse BackUp1\MyWorkSpace\Anil121\grid-docker.xml

00:42:14.029 [main] DEBUG org.testng.TestNG - suiteXmlPath: "C:\Eclipse BackUp1\MyWorkSpace\Anil121\grid-docker.xml"
00:42:14.482 [main] INFO  org.testng.internal.Utils - [TestNG] Running:
  C:\Eclipse BackUp1\MyWorkSpace\Anil121\grid-docker.xml

00:50:46.197 [main] DEBUG org.testng.TestNG - suiteXmlPath: "C:\Eclipse BackUp1\MyWorkSpace\Anil121\grid-docker.xml"
00:50:46.592 [main] INFO  org.testng.internal.Utils - [TestNG] Running:
  C:\Eclipse BackUp1\MyWorkSpace\Anil121\grid-docker.xml

00:52:57.653 [main] DEBUG org.testng.TestNG - suiteXmlPath: "C:\Eclipse BackUp1\MyWorkSpace\Anil121\grid_docker.xml"
00:52:58.014 [main] INFO  org.testng.internal.Utils - [TestNG] Running:
  C:\Eclipse BackUp1\MyWorkSpace\Anil121\grid_docker.xml

00:54:26.711 [main] DEBUG org.testng.TestNG - suiteXmlPath: "C:\Eclipse BackUp1\MyWorkSpace\Anil121\grid_docker.xml"
00:54:27.162 [main] INFO  org.testng.internal.Utils - [TestNG] Running:
  C:\Eclipse BackUp1\MyWorkSpace\Anil121\grid_docker.xml

00:55:43.503 [main] DEBUG org.testng.TestNG - suiteXmlPath: "C:\Eclipse BackUp1\MyWorkSpace\Anil121\grid_docker.xml"
00:55:43.885 [main] INFO  org.testng.internal.Utils - [TestNG] Running:
  C:\Eclipse BackUp1\MyWorkSpace\Anil121\grid_docker.xml

00:56:04.303 [main] DEBUG org.testng.TestNG - suiteXmlPath: "C:\Eclipse BackUp1\MyWorkSpace\Anil121\grid_docker.xml"
00:56:04.700 [main] INFO  org.testng.internal.Utils - [TestNG] Running:
  C:\Eclipse BackUp1\MyWorkSpace\Anil121\grid_docker.xml

01:16:36.585 [main] DEBUG org.testng.TestNG - suiteXmlPath: "C:\Eclipse BackUp1\MyWorkSpace\Anil121\grid_docker.xml"
01:16:37.040 [main] INFO  org.testng.internal.Utils - [TestNG] Running:
  C:\Eclipse BackUp1\MyWorkSpace\Anil121\grid_docker.xml

11:35:14.592 [main] DEBUG org.testng.TestNG - suiteXmlPath: "C:\Eclipse BackUp1\MyWorkSpace\Anil121\grid_docker.xml"
11:35:15.348 [main] INFO  org.testng.internal.Utils - [TestNG] Running:
  C:\Eclipse BackUp1\MyWorkSpace\Anil121\grid_docker.xml

11:40:46.536 [main] DEBUG org.testng.TestNG - suiteXmlPath: "C:\Eclipse BackUp1\MyWorkSpace\Anil121\grid_docker.xml"
11:40:47.013 [main] INFO  org.testng.internal.Utils - [TestNG] Running:
  C:\Eclipse BackUp1\MyWorkSpace\Anil121\grid_docker.xml

11:44:18.075 [main] DEBUG org.testng.TestNG - suiteXmlPath: "C:\Eclipse BackUp1\MyWorkSpace\Anil121\grid_docker.xml"
11:44:18.418 [main] INFO  org.testng.internal.Utils - [TestNG] Running:
  C:\Eclipse BackUp1\MyWorkSpace\Anil121\grid_docker.xml

11:45:07.083 [main] DEBUG org.testng.TestNG - suiteXmlPath: "C:\Eclipse BackUp1\MyWorkSpace\Anil121\master.xml"
11:45:07.472 [main] INFO  org.testng.internal.Utils - [TestNG] Running:
  C:\Eclipse BackUp1\MyWorkSpace\Anil121\master.xml

11:45:32.814 [main] DEBUG org.testng.TestNG - suiteXmlPath: "C:\Eclipse BackUp1\MyWorkSpace\Anil121\master.xml"
11:45:33.147 [main] INFO  org.testng.internal.Utils - [TestNG] Running:
  C:\Eclipse BackUp1\MyWorkSpace\Anil121\master.xml

11:46:38.654 [main] DEBUG org.testng.TestNG - suiteXmlPath: "C:\Eclipse BackUp1\MyWorkSpace\Anil121\master.xml"
11:46:39.025 [main] INFO  org.testng.internal.Utils - [TestNG] Running:
  C:\Eclipse BackUp1\MyWorkSpace\Anil121\master.xml

11:47:59.430 [main] DEBUG org.testng.TestNG - suiteXmlPath: "C:\Eclipse BackUp1\MyWorkSpace\Anil121\master.xml"
11:47:59.778 [main] INFO  org.testng.internal.Utils - [TestNG] Running:
  C:\Eclipse BackUp1\MyWorkSpace\Anil121\master.xml

11:50:05.488 [main] DEBUG org.testng.TestNG - suiteXmlPath: "C:\Eclipse BackUp1\MyWorkSpace\Anil121\master.xml"
11:50:05.853 [main] INFO  org.testng.internal.Utils - [TestNG] Running:
  C:\Eclipse BackUp1\MyWorkSpace\Anil121\master.xml

11:55:56.826 [main] DEBUG org.testng.TestNG - suiteXmlPath: "C:\Eclipse BackUp1\MyWorkSpace\Anil121\grid_docker.xml"
11:55:57.189 [main] INFO  org.testng.internal.Utils - [TestNG] Running:
  C:\Eclipse BackUp1\MyWorkSpace\Anil121\grid_docker.xml

11:56:04.386 [main] INFO  testCases.TC001_AccountRegistrationTest - ***** Starting TC001_AccountRegistrationTest *****
11:56:04.761 [main] INFO  testCases.TC001_AccountRegistrationTest - Clicked on My Account link
11:56:16.575 [main] INFO  testCases.TC002_LoginTest - ***** Starting TC002_LoginTest *****
11:57:46.757 [main] DEBUG org.testng.TestNG - suiteXmlPath: "C:\Eclipse BackUp1\MyWorkSpace\Anil121\master.xml"
11:57:47.100 [main] INFO  org.testng.internal.Utils - [TestNG] Running:
  C:\Eclipse BackUp1\MyWorkSpace\Anil121\master.xml

12:01:28.639 [main] DEBUG org.testng.TestNG - suiteXmlPath: "C:\Eclipse BackUp1\MyWorkSpace\Anil121\master.xml"
12:01:29.001 [main] INFO  org.testng.internal.Utils - [TestNG] Running:
  C:\Eclipse BackUp1\MyWorkSpace\Anil121\master.xml

12:09:39.793 [main] DEBUG org.testng.TestNG - suiteXmlPath: "C:\Eclipse BackUp1\MyWorkSpace\Anil121\master.xml"
12:09:40.157 [main] INFO  org.testng.internal.Utils - [TestNG] Running:
  C:\Eclipse BackUp1\MyWorkSpace\Anil121\master.xml

12:09:49.391 [main] INFO  testCases.TC001_AccountRegistrationTest - ***** Starting TC001_AccountRegistrationTest *****
12:09:49.962 [main] INFO  testCases.TC001_AccountRegistrationTest - Clicked on My Account link
12:09:51.824 [main] INFO  testCases.TC001_AccountRegistrationTest - Clicked on Register link
12:09:51.830 [main] INFO  testCases.TC001_AccountRegistrationTest - Providing Customer Details......
12:09:55.880 [main] INFO  testCases.TC001_AccountRegistrationTest - Validating Expected message....
12:09:55.954 [main] INFO  testCases.TC001_AccountRegistrationTest - ***** Finished TC001_AccountRegistrationTest *****
12:09:58.904 [main] INFO  testCases.TC002_LoginTest - ***** Starting TC002_LoginTest *****
12:10:01.090 [main] INFO  testCases.TC002_LoginTest - ***** Finished TC002_LoginTest *****
17:08:59.467 [main] DEBUG org.testng.TestNG - suiteXmlPath: "C:\Eclipse BackUp1\MyWorkSpace\Anil121\master.xml"
17:09:06.730 [main] INFO  testCases.TC001_AccountRegistrationTest - ***** Starting TC001_AccountRegistrationTest *****
17:09:07.365 [main] INFO  testCases.TC001_AccountRegistrationTest - Clicked on My Account link
17:09:07.931 [main] INFO  testCases.TC001_AccountRegistrationTest - Clicked on Register link
17:09:07.951 [main] INFO  testCases.TC001_AccountRegistrationTest - Providing Customer Details......
17:09:11.426 [main] INFO  testCases.TC001_AccountRegistrationTest - Validating Expected message....
17:09:11.517 [main] INFO  testCases.TC001_AccountRegistrationTest - ***** Finished TC001_AccountRegistrationTest *****
17:09:14.357 [main] INFO  testCases.TC002_LoginTest - ***** Starting TC002_LoginTest *****
17:09:16.419 [main] INFO  testCases.TC002_LoginTest - ***** Finished TC002_LoginTest *****
17:25:44.175 [main] DEBUG org.testng.TestNG - suiteXmlPath: "C:\Eclipse BackUp1\MyWorkSpace\Anil121\master.xml"
17:27:52.195 [main] DEBUG org.testng.TestNG - suiteXmlPath: "C:\Eclipse BackUp1\MyWorkSpace\Anil121\master.xml"
17:34:57.424 [main] DEBUG org.testng.TestNG - suiteXmlPath: "C:\Eclipse BackUp1\MyWorkSpace\Anil121\master.xml"
17:35:43.530 [main] DEBUG org.testng.TestNG - suiteXmlPath: "C:\Eclipse BackUp1\MyWorkSpace\Anil121\master.xml"
17:36:57.520 [main] DEBUG org.testng.TestNG - suiteXmlPath: "C:\Eclipse BackUp1\MyWorkSpace\Anil121\master.xml"
17:37:05.798 [main] INFO  testCases.TC001_AccountRegistrationTest - ***** Starting TC001_AccountRegistrationTest *****
17:37:05.997 [main] INFO  testCases.TC001_AccountRegistrationTest - Clicked on My Account link
17:37:06.831 [main] INFO  testCases.TC001_AccountRegistrationTest - Clicked on Register link
17:37:06.848 [main] INFO  testCases.TC001_AccountRegistrationTest - Providing Customer Details......
17:37:10.640 [main] INFO  testCases.TC001_AccountRegistrationTest - Validating Expected message....
17:37:10.707 [main] INFO  testCases.TC001_AccountRegistrationTest - ***** Finished TC001_AccountRegistrationTest *****
17:37:12.987 [main] INFO  testCases.TC002_LoginTest - ***** Starting TC002_LoginTest *****
17:37:15.346 [main] INFO  testCases.TC002_LoginTest - ***** Finished TC002_LoginTest *****
18:02:15.590 [main] DEBUG org.testng.TestNG - suiteXmlPath: "C:\Eclipse BackUp1\MyWorkSpace\Anil121\master.xml"
18:02:20.396 [main] INFO  testCases.TC001_AccountRegistrationTest - ***** Starting TC001_AccountRegistrationTest *****
18:02:21.272 [main] INFO  testCases.TC001_AccountRegistrationTest - Clicked on My Account link
18:02:21.898 [main] INFO  testCases.TC001_AccountRegistrationTest - Clicked on Register link
18:02:21.904 [main] INFO  testCases.TC001_AccountRegistrationTest - Providing Customer Details......
18:02:26.108 [main] INFO  testCases.TC001_AccountRegistrationTest - Validating Expected message....
18:02:26.177 [main] INFO  testCases.TC001_AccountRegistrationTest - ***** Finished TC001_AccountRegistrationTest *****
18:02:29.029 [main] INFO  testCases.TC002_LoginTest - ***** Starting TC002_LoginTest *****
18:02:31.717 [main] INFO  testCases.TC002_LoginTest - ***** Finished TC002_LoginTest *****
18:15:29.480 [main] DEBUG org.testng.TestNG - suiteXmlPath: "C:\Eclipse BackUp1\MyWorkSpace\Anil121\master.xml"
18:15:44.977 [main] INFO  testCases.TC001_AccountRegistrationTest - ***** Starting TC001_AccountRegistrationTest *****
18:15:46.111 [main] INFO  testCases.TC001_AccountRegistrationTest - Clicked on My Account link
18:15:47.121 [main] INFO  testCases.TC001_AccountRegistrationTest - Clicked on Register link
18:15:47.126 [main] INFO  testCases.TC001_AccountRegistrationTest - Providing Customer Details......
18:15:51.688 [main] INFO  testCases.TC001_AccountRegistrationTest - Validating Expected message....
18:15:51.812 [main] INFO  testCases.TC001_AccountRegistrationTest - ***** Finished TC001_AccountRegistrationTest *****
18:15:56.972 [main] INFO  testCases.TC002_LoginTest - ***** Starting TC002_LoginTest *****
18:16:00.480 [main] INFO  testCases.TC002_LoginTest - ***** Finished TC002_LoginTest *****
